[2023-06-21 19:53:01,771] {taskinstance.py:896} INFO - Dependencies all met for <TaskInstance: python_square_operator.square 2023-06-20T12:00:00+00:00 [queued]>
[2023-06-21 19:53:01,842] {taskinstance.py:896} INFO - Dependencies all met for <TaskInstance: python_square_operator.square 2023-06-20T12:00:00+00:00 [queued]>
[2023-06-21 19:53:01,845] {taskinstance.py:1087} INFO - 
--------------------------------------------------------------------------------
[2023-06-21 19:53:01,848] {taskinstance.py:1088} INFO - Starting attempt 1 of 1
[2023-06-21 19:53:01,850] {taskinstance.py:1089} INFO - 
--------------------------------------------------------------------------------
[2023-06-21 19:53:01,899] {taskinstance.py:1107} INFO - Executing <Task(PythonOperator): square> on 2023-06-20T12:00:00+00:00
[2023-06-21 19:53:01,917] {standard_task_runner.py:52} INFO - Started process 236 to run task
[2023-06-21 19:53:01,936] {standard_task_runner.py:76} INFO - Running: ['***', 'tasks', 'run', 'python_square_operator', 'square', '2023-06-20T12:00:00+00:00', '--job-id', '9', '--pool', 'default_pool', '--raw', '--subdir', 'DAGS_FOLDER/module19_assignment.py', '--cfg-path', '/tmp/tmp0jbtrtci', '--error-file', '/tmp/tmp29_18mjb']
[2023-06-21 19:53:01,941] {standard_task_runner.py:77} INFO - Job 9: Subtask square
[2023-06-21 19:53:02,164] {logging_mixin.py:104} INFO - Running <TaskInstance: python_square_operator.square 2023-06-20T12:00:00+00:00 [running]> on host f66eba1d7275
[2023-06-21 19:53:02,389] {taskinstance.py:1302} INFO - Exporting the following env vars:
AIRFLOW_CTX_DAG_OWNER=***
AIRFLOW_CTX_DAG_ID=python_square_operator
AIRFLOW_CTX_TASK_ID=square
AIRFLOW_CTX_EXECUTION_DATE=2023-06-20T12:00:00+00:00
AIRFLOW_CTX_DAG_RUN_ID=scheduled__2023-06-20T12:00:00+00:00
[2023-06-21 19:53:02,395] {python.py:151} INFO - Done. Returned value was: 144
[2023-06-21 19:53:02,554] {taskinstance.py:1211} INFO - Marking task as SUCCESS. dag_id=python_square_operator, task_id=square, execution_date=20230620T120000, start_date=20230621T195301, end_date=20230621T195302
[2023-06-21 19:53:02,827] {taskinstance.py:1265} INFO - 0 downstream tasks scheduled from follow-on schedule check
[2023-06-21 19:53:02,883] {local_task_job.py:151} INFO - Task exited with return code 0
