[2023-05-24 03:35:12,944] {taskinstance.py:896} INFO - Dependencies all met for <TaskInstance: hello_world.hello_task 2023-05-22T12:00:00+00:00 [queued]>
[2023-05-24 03:35:12,984] {taskinstance.py:896} INFO - Dependencies all met for <TaskInstance: hello_world.hello_task 2023-05-22T12:00:00+00:00 [queued]>
[2023-05-24 03:35:12,985] {taskinstance.py:1087} INFO - 
--------------------------------------------------------------------------------
[2023-05-24 03:35:12,986] {taskinstance.py:1088} INFO - Starting attempt 1 of 1
[2023-05-24 03:35:12,987] {taskinstance.py:1089} INFO - 
--------------------------------------------------------------------------------
[2023-05-24 03:35:13,010] {taskinstance.py:1107} INFO - Executing <Task(PythonOperator): hello_task> on 2023-05-22T12:00:00+00:00
[2023-05-24 03:35:13,016] {standard_task_runner.py:52} INFO - Started process 525 to run task
[2023-05-24 03:35:13,027] {standard_task_runner.py:76} INFO - Running: ['***', 'tasks', 'run', 'hello_world', 'hello_task', '2023-05-22T12:00:00+00:00', '--job-id', '2', '--pool', 'default_pool', '--raw', '--subdir', 'DAGS_FOLDER/SampleDAG.py', '--cfg-path', '/tmp/tmppcfoybst', '--error-file', '/tmp/tmpvsusnnly']
[2023-05-24 03:35:13,029] {standard_task_runner.py:77} INFO - Job 2: Subtask hello_task
[2023-05-24 03:35:13,138] {logging_mixin.py:104} INFO - Running <TaskInstance: hello_world.hello_task 2023-05-22T12:00:00+00:00 [running]> on host 6cb48a35a36c
[2023-05-24 03:35:13,266] {taskinstance.py:1302} INFO - Exporting the following env vars:
AIRFLOW_CTX_DAG_OWNER=***
AIRFLOW_CTX_DAG_ID=hello_world
AIRFLOW_CTX_TASK_ID=hello_task
AIRFLOW_CTX_EXECUTION_DATE=2023-05-22T12:00:00+00:00
AIRFLOW_CTX_DAG_RUN_ID=scheduled__2023-05-22T12:00:00+00:00
[2023-05-24 03:35:13,270] {python.py:151} INFO - Done. Returned value was: Hello world from first Airflow DAG!
[2023-05-24 03:35:13,317] {taskinstance.py:1211} INFO - Marking task as SUCCESS. dag_id=hello_world, task_id=hello_task, execution_date=20230522T120000, start_date=20230524T033512, end_date=20230524T033513
[2023-05-24 03:35:13,375] {taskinstance.py:1265} INFO - 0 downstream tasks scheduled from follow-on schedule check
[2023-05-24 03:35:13,407] {local_task_job.py:151} INFO - Task exited with return code 0
