[2023-06-23 20:49:38,620] {taskinstance.py:896} INFO - Dependencies all met for <TaskInstance: assignment.task_zero 2023-06-23T20:48:40.522489+00:00 [None]>
[2023-06-23 20:49:38,675] {taskinstance.py:896} INFO - Dependencies all met for <TaskInstance: assignment.task_zero 2023-06-23T20:48:40.522489+00:00 [None]>
[2023-06-23 20:49:38,678] {taskinstance.py:1087} INFO - 
--------------------------------------------------------------------------------
[2023-06-23 20:49:38,680] {taskinstance.py:1088} INFO - Starting attempt 1 of 3
[2023-06-23 20:49:38,682] {taskinstance.py:1089} INFO - 
--------------------------------------------------------------------------------
[2023-06-23 20:49:38,734] {taskinstance.py:1107} INFO - Executing <Task(BashOperator): task_zero> on 2023-06-23T20:48:40.522489+00:00
[2023-06-23 20:49:38,743] {standard_task_runner.py:52} INFO - Started process 970 to run task
[2023-06-23 20:49:38,757] {standard_task_runner.py:76} INFO - Running: ['***', 'tasks', 'run', 'assignment', 'task_zero', '2023-06-23T20:48:40.522489+00:00', '--job-id', '5', '--pool', 'default_pool', '--raw', '--subdir', 'DAGS_FOLDER/assignment.py', '--cfg-path', '/tmp/tmphlh_nq3h', '--error-file', '/tmp/tmpiluv6gv6']
[2023-06-23 20:49:38,761] {standard_task_runner.py:77} INFO - Job 5: Subtask task_zero
[2023-06-23 20:49:38,892] {logging_mixin.py:104} INFO - Running <TaskInstance: assignment.task_zero 2023-06-23T20:48:40.522489+00:00 [running]> on host 7f7a4865b07a
[2023-06-23 20:49:39,057] {taskinstance.py:1302} INFO - Exporting the following env vars:
AIRFLOW_CTX_DAG_OWNER=***
AIRFLOW_CTX_DAG_ID=assignment
AIRFLOW_CTX_TASK_ID=task_zero
AIRFLOW_CTX_EXECUTION_DATE=2023-06-23T20:48:40.522489+00:00
AIRFLOW_CTX_DAG_RUN_ID=manual__2023-06-23T20:48:40.522489+00:00
[2023-06-23 20:49:39,063] {subprocess.py:52} INFO - Tmp dir root location: 
 /tmp
[2023-06-23 20:49:39,065] {subprocess.py:63} INFO - Running command: ['bash', '-c', 'pip install beautifulsoup4']
[2023-06-23 20:49:39,087] {subprocess.py:75} INFO - Output:
[2023-06-23 20:49:51,589] {subprocess.py:79} INFO - Defaulting to user installation because normal site-packages is not writeable
[2023-06-23 20:49:53,661] {subprocess.py:79} INFO - Collecting beautifulsoup4
[2023-06-23 20:49:53,907] {subprocess.py:79} INFO -   Downloading beautifulsoup4-4.12.2-py3-none-any.whl (142 kB)
[2023-06-23 20:49:54,589] {subprocess.py:79} INFO - Collecting soupsieve>1.2
[2023-06-23 20:49:54,659] {subprocess.py:79} INFO -   Downloading soupsieve-2.3.2.post1-py3-none-any.whl (37 kB)
[2023-06-23 20:50:38,237] {subprocess.py:79} INFO - Installing collected packages: soupsieve, beautifulsoup4
[2023-06-23 20:50:39,923] {subprocess.py:79} INFO - Successfully installed beautifulsoup4-4.12.2 soupsieve-2.3.2.post1
[2023-06-23 20:50:41,729] {subprocess.py:83} INFO - Command exited with return code 0
[2023-06-23 20:50:41,839] {taskinstance.py:1211} INFO - Marking task as SUCCESS. dag_id=assignment, task_id=task_zero, execution_date=20230623T204840, start_date=20230623T204938, end_date=20230623T205041
[2023-06-23 20:50:41,958] {taskinstance.py:1265} INFO - 1 downstream tasks scheduled from follow-on schedule check
[2023-06-23 20:50:42,028] {local_task_job.py:151} INFO - Task exited with return code 0
