[2023-06-24 00:12:08,720] {taskinstance.py:896} INFO - Dependencies all met for <TaskInstance: assignment.task_three 2023-06-23T00:00:00+00:00 [queued]>
[2023-06-24 00:12:08,761] {taskinstance.py:896} INFO - Dependencies all met for <TaskInstance: assignment.task_three 2023-06-23T00:00:00+00:00 [queued]>
[2023-06-24 00:12:08,762] {taskinstance.py:1087} INFO - 
--------------------------------------------------------------------------------
[2023-06-24 00:12:08,764] {taskinstance.py:1088} INFO - Starting attempt 1 of 1
[2023-06-24 00:12:08,765] {taskinstance.py:1089} INFO - 
--------------------------------------------------------------------------------
[2023-06-24 00:12:08,800] {taskinstance.py:1107} INFO - Executing <Task(PythonOperator): task_three> on 2023-06-23T00:00:00+00:00
[2023-06-24 00:12:08,807] {standard_task_runner.py:52} INFO - Started process 16295 to run task
[2023-06-24 00:12:08,817] {standard_task_runner.py:76} INFO - Running: ['***', 'tasks', 'run', 'assignment', 'task_three', '2023-06-23T00:00:00+00:00', '--job-id', '38', '--pool', 'default_pool', '--raw', '--subdir', 'DAGS_FOLDER/assignment.py', '--cfg-path', '/tmp/tmpvoxx2z7t', '--error-file', '/tmp/tmp4v53wkap']
[2023-06-24 00:12:08,819] {standard_task_runner.py:77} INFO - Job 38: Subtask task_three
[2023-06-24 00:12:08,920] {logging_mixin.py:104} INFO - Running <TaskInstance: assignment.task_three 2023-06-23T00:00:00+00:00 [running]> on host 7f7a4865b07a
[2023-06-24 00:12:09,042] {taskinstance.py:1302} INFO - Exporting the following env vars:
AIRFLOW_CTX_DAG_OWNER=***
AIRFLOW_CTX_DAG_ID=assignment
AIRFLOW_CTX_TASK_ID=task_three
AIRFLOW_CTX_EXECUTION_DATE=2023-06-23T00:00:00+00:00
AIRFLOW_CTX_DAG_RUN_ID=scheduled__2023-06-23T00:00:00+00:00
[2023-06-24 00:14:18,148] {logging_mixin.py:104} INFO - wrote file: titles.json
[2023-06-24 00:14:18,151] {python.py:151} INFO - Done. Returned value was: None
[2023-06-24 00:14:18,184] {taskinstance.py:1211} INFO - Marking task as SUCCESS. dag_id=assignment, task_id=task_three, execution_date=20230623T000000, start_date=20230624T001208, end_date=20230624T001418
[2023-06-24 00:14:18,258] {taskinstance.py:1265} INFO - 1 downstream tasks scheduled from follow-on schedule check
[2023-06-24 00:14:18,360] {local_task_job.py:151} INFO - Task exited with return code 0
