[2023-06-23 21:38:37,718] {taskinstance.py:896} INFO - Dependencies all met for <TaskInstance: assignment.task_one 2023-06-23T21:30:32.912877+00:00 [queued]>
[2023-06-23 21:38:37,771] {taskinstance.py:896} INFO - Dependencies all met for <TaskInstance: assignment.task_one 2023-06-23T21:30:32.912877+00:00 [queued]>
[2023-06-23 21:38:37,773] {taskinstance.py:1087} INFO - 
--------------------------------------------------------------------------------
[2023-06-23 21:38:37,775] {taskinstance.py:1088} INFO - Starting attempt 1 of 1
[2023-06-23 21:38:37,776] {taskinstance.py:1089} INFO - 
--------------------------------------------------------------------------------
[2023-06-23 21:38:37,825] {taskinstance.py:1107} INFO - Executing <Task(PythonOperator): task_one> on 2023-06-23T21:30:32.912877+00:00
[2023-06-23 21:38:37,834] {standard_task_runner.py:52} INFO - Started process 4219 to run task
[2023-06-23 21:38:37,849] {standard_task_runner.py:76} INFO - Running: ['***', 'tasks', 'run', 'assignment', 'task_one', '2023-06-23T21:30:32.912877+00:00', '--job-id', '14', '--pool', 'default_pool', '--raw', '--subdir', 'DAGS_FOLDER/assignment.py', '--cfg-path', '/tmp/tmper2zskoj', '--error-file', '/tmp/tmp4mpp82ui']
[2023-06-23 21:38:37,852] {standard_task_runner.py:77} INFO - Job 14: Subtask task_one
[2023-06-23 21:38:37,996] {logging_mixin.py:104} INFO - Running <TaskInstance: assignment.task_one 2023-06-23T21:30:32.912877+00:00 [running]> on host 7f7a4865b07a
[2023-06-23 21:38:38,181] {taskinstance.py:1302} INFO - Exporting the following env vars:
AIRFLOW_CTX_DAG_OWNER=***
AIRFLOW_CTX_DAG_ID=assignment
AIRFLOW_CTX_TASK_ID=task_one
AIRFLOW_CTX_EXECUTION_DATE=2023-06-23T21:30:32.912877+00:00
AIRFLOW_CTX_DAG_RUN_ID=manual__2023-06-23T21:30:32.912877+00:00
[2023-06-23 21:38:38,553] {logging_mixin.py:104} INFO - wrote file: m1a.html
[2023-06-23 21:38:38,556] {logging_mixin.py:104} INFO - pulled: m1a.html
[2023-06-23 21:38:38,559] {logging_mixin.py:104} INFO - --- waiting ---
[2023-06-23 21:38:53,784] {logging_mixin.py:104} INFO - wrote file: m1b.html
[2023-06-23 21:38:53,786] {logging_mixin.py:104} INFO - pulled: m1b.html
[2023-06-23 21:38:53,787] {logging_mixin.py:104} INFO - --- waiting ---
[2023-06-23 21:39:09,001] {logging_mixin.py:104} INFO - wrote file: m1c.html
[2023-06-23 21:39:09,004] {logging_mixin.py:104} INFO - pulled: m1c.html
[2023-06-23 21:39:09,006] {logging_mixin.py:104} INFO - --- waiting ---
[2023-06-23 21:39:24,414] {logging_mixin.py:104} INFO - wrote file: m2a.html
[2023-06-23 21:39:24,416] {logging_mixin.py:104} INFO - pulled: m2a.html
[2023-06-23 21:39:24,418] {logging_mixin.py:104} INFO - --- waiting ---
[2023-06-23 21:39:39,690] {logging_mixin.py:104} INFO - wrote file: m2b.html
[2023-06-23 21:39:39,692] {logging_mixin.py:104} INFO - pulled: m2b.html
[2023-06-23 21:39:39,694] {logging_mixin.py:104} INFO - --- waiting ---
[2023-06-23 21:39:54,915] {logging_mixin.py:104} INFO - wrote file: m2c.html
[2023-06-23 21:39:54,918] {logging_mixin.py:104} INFO - pulled: m2c.html
[2023-06-23 21:39:54,920] {logging_mixin.py:104} INFO - --- waiting ---
[2023-06-23 21:40:10,275] {logging_mixin.py:104} INFO - wrote file: m3b.html
[2023-06-23 21:40:10,278] {logging_mixin.py:104} INFO - pulled: m3b.html
[2023-06-23 21:40:10,279] {logging_mixin.py:104} INFO - --- waiting ---
[2023-06-23 21:40:25,537] {logging_mixin.py:104} INFO - wrote file: m4a.html
[2023-06-23 21:40:25,539] {logging_mixin.py:104} INFO - pulled: m4a.html
[2023-06-23 21:40:25,541] {logging_mixin.py:104} INFO - --- waiting ---
[2023-06-23 21:40:40,784] {logging_mixin.py:104} INFO - wrote file: m4b.html
[2023-06-23 21:40:40,787] {logging_mixin.py:104} INFO - pulled: m4b.html
[2023-06-23 21:40:40,789] {logging_mixin.py:104} INFO - --- waiting ---
[2023-06-23 21:40:56,177] {logging_mixin.py:104} INFO - wrote file: m4c.html
[2023-06-23 21:40:56,183] {logging_mixin.py:104} INFO - pulled: m4c.html
[2023-06-23 21:40:56,188] {logging_mixin.py:104} INFO - --- waiting ---
[2023-06-23 21:41:11,392] {logging_mixin.py:104} INFO - wrote file: m4d.html
[2023-06-23 21:41:11,395] {logging_mixin.py:104} INFO - pulled: m4d.html
[2023-06-23 21:41:11,397] {logging_mixin.py:104} INFO - --- waiting ---
[2023-06-23 21:41:26,592] {logging_mixin.py:104} INFO - wrote file: m4e.html
[2023-06-23 21:41:26,595] {logging_mixin.py:104} INFO - pulled: m4e.html
[2023-06-23 21:41:26,596] {logging_mixin.py:104} INFO - --- waiting ---
[2023-06-23 21:41:41,810] {logging_mixin.py:104} INFO - wrote file: m4f.html
[2023-06-23 21:41:41,812] {logging_mixin.py:104} INFO - pulled: m4f.html
[2023-06-23 21:41:41,814] {logging_mixin.py:104} INFO - --- waiting ---
[2023-06-23 21:41:56,979] {logging_mixin.py:104} INFO - wrote file: m4g.html
[2023-06-23 21:41:56,982] {logging_mixin.py:104} INFO - pulled: m4g.html
[2023-06-23 21:41:56,983] {logging_mixin.py:104} INFO - --- waiting ---
[2023-06-23 21:42:12,180] {logging_mixin.py:104} INFO - wrote file: m5a.html
[2023-06-23 21:42:12,183] {logging_mixin.py:104} INFO - pulled: m5a.html
[2023-06-23 21:42:12,186] {logging_mixin.py:104} INFO - --- waiting ---
[2023-06-23 21:42:27,468] {logging_mixin.py:104} INFO - wrote file: m5b.html
[2023-06-23 21:42:27,470] {logging_mixin.py:104} INFO - pulled: m5b.html
[2023-06-23 21:42:27,472] {logging_mixin.py:104} INFO - --- waiting ---
[2023-06-23 21:42:42,898] {logging_mixin.py:104} INFO - wrote file: m6a.html
[2023-06-23 21:42:42,901] {logging_mixin.py:104} INFO - pulled: m6a.html
[2023-06-23 21:42:42,902] {logging_mixin.py:104} INFO - --- waiting ---
[2023-06-23 21:42:58,141] {logging_mixin.py:104} INFO - wrote file: m6b.html
[2023-06-23 21:42:58,149] {logging_mixin.py:104} INFO - pulled: m6b.html
[2023-06-23 21:42:58,152] {logging_mixin.py:104} INFO - --- waiting ---
[2023-06-23 21:43:13,364] {logging_mixin.py:104} INFO - wrote file: m6c.html
[2023-06-23 21:43:13,367] {logging_mixin.py:104} INFO - pulled: m6c.html
[2023-06-23 21:43:13,369] {logging_mixin.py:104} INFO - --- waiting ---
[2023-06-23 21:43:28,604] {logging_mixin.py:104} INFO - wrote file: m7a.html
[2023-06-23 21:43:28,607] {logging_mixin.py:104} INFO - pulled: m7a.html
[2023-06-23 21:43:28,609] {logging_mixin.py:104} INFO - --- waiting ---
[2023-06-23 21:43:43,864] {logging_mixin.py:104} INFO - wrote file: m8a.html
[2023-06-23 21:43:43,873] {logging_mixin.py:104} INFO - pulled: m8a.html
[2023-06-23 21:43:43,895] {logging_mixin.py:104} INFO - --- waiting ---
[2023-06-23 21:43:59,321] {logging_mixin.py:104} INFO - wrote file: m8b.html
[2023-06-23 21:43:59,324] {logging_mixin.py:104} INFO - pulled: m8b.html
[2023-06-23 21:43:59,330] {logging_mixin.py:104} INFO - --- waiting ---
[2023-06-23 21:44:14,534] {logging_mixin.py:104} INFO - wrote file: m9a.html
[2023-06-23 21:44:14,537] {logging_mixin.py:104} INFO - pulled: m9a.html
[2023-06-23 21:44:14,539] {logging_mixin.py:104} INFO - --- waiting ---
[2023-06-23 21:44:29,762] {logging_mixin.py:104} INFO - wrote file: m9b.html
[2023-06-23 21:44:29,764] {logging_mixin.py:104} INFO - pulled: m9b.html
[2023-06-23 21:44:29,765] {logging_mixin.py:104} INFO - --- waiting ---
[2023-06-23 21:44:45,068] {logging_mixin.py:104} INFO - wrote file: m10a.html
[2023-06-23 21:44:45,074] {logging_mixin.py:104} INFO - pulled: m10a.html
[2023-06-23 21:44:45,077] {logging_mixin.py:104} INFO - --- waiting ---
[2023-06-23 21:45:00,283] {logging_mixin.py:104} INFO - wrote file: m10b.html
[2023-06-23 21:45:00,286] {logging_mixin.py:104} INFO - pulled: m10b.html
[2023-06-23 21:45:00,287] {logging_mixin.py:104} INFO - --- waiting ---
[2023-06-23 21:45:15,421] {taskinstance.py:1501} ERROR - Task failed with exception
Traceback (most recent call last):
  File "/home/airflow/.local/lib/python3.6/site-packages/airflow/models/taskinstance.py", line 1157, in _run_raw_task
    self._prepare_and_execute_task_with_callbacks(context, task)
  File "/home/airflow/.local/lib/python3.6/site-packages/airflow/models/taskinstance.py", line 1331, in _prepare_and_execute_task_with_callbacks
    result = self._execute_task(context, task_copy)
  File "/home/airflow/.local/lib/python3.6/site-packages/airflow/models/taskinstance.py", line 1361, in _execute_task
    result = task_copy.execute(context=context)
  File "/home/airflow/.local/lib/python3.6/site-packages/airflow/operators/python.py", line 150, in execute
    return_value = self.execute_callable()
  File "/home/airflow/.local/lib/python3.6/site-packages/airflow/operators/python.py", line 161, in execute_callable
    return self.python_callable(*self.op_args, **self.op_kwargs)
  File "/opt/airflow/dags/assignment.py", line 82, in catalog
    urldata = pull(url)
  File "/opt/airflow/dags/assignment.py", line 19, in pull
    response = urllib.request.urlopen(url).read()
  File "/usr/local/lib/python3.6/urllib/request.py", line 223, in urlopen
    return opener.open(url, data, timeout)
  File "/usr/local/lib/python3.6/urllib/request.py", line 532, in open
    response = meth(req, response)
  File "/usr/local/lib/python3.6/urllib/request.py", line 642, in http_response
    'http', request, response, code, msg, hdrs)
  File "/usr/local/lib/python3.6/urllib/request.py", line 570, in error
    return self._call_chain(*args)
  File "/usr/local/lib/python3.6/urllib/request.py", line 504, in _call_chain
    result = func(*args)
  File "/usr/local/lib/python3.6/urllib/request.py", line 650, in http_error_default
    raise HTTPError(req.full_url, code, msg, hdrs, fp)
urllib.error.HTTPError: HTTP Error 404: Not Found
[2023-06-23 21:45:15,448] {taskinstance.py:1551} INFO - Marking task as FAILED. dag_id=assignment, task_id=task_one, execution_date=20230623T213032, start_date=20230623T213837, end_date=20230623T214515
[2023-06-23 21:45:15,544] {local_task_job.py:151} INFO - Task exited with return code 1
