[2023-07-03 19:39:29,740] {scheduler_job.py:182} INFO - Started process (PID=147) to work on /opt/airflow/dags/assignment.py
[2023-07-03 19:39:29,748] {scheduler_job.py:633} INFO - Processing file /opt/airflow/dags/assignment.py for tasks to queue
[2023-07-03 19:39:29,755] {logging_mixin.py:104} INFO - [2023-07-03 19:39:29,752] {dagbag.py:496} INFO - Filling up the DagBag from /opt/airflow/dags/assignment.py
[2023-07-03 19:39:29,864] {scheduler_job.py:643} INFO - DAG(s) dict_keys(['assignment']) retrieved from /opt/airflow/dags/assignment.py
[2023-07-03 19:39:31,771] {logging_mixin.py:104} INFO - [2023-07-03 19:39:31,771] {dag.py:1833} INFO - Sync 1 DAGs
[2023-07-03 19:39:31,919] {logging_mixin.py:104} INFO - [2023-07-03 19:39:31,917] {dag.py:2306} INFO - Setting next_dagrun for assignment to 2023-07-02 00:00:00+00:00
[2023-07-03 19:39:31,974] {scheduler_job.py:190} INFO - Processing /opt/airflow/dags/assignment.py took 2.241 seconds
[2023-07-03 19:40:02,085] {scheduler_job.py:182} INFO - Started process (PID=171) to work on /opt/airflow/dags/assignment.py
[2023-07-03 19:40:02,089] {scheduler_job.py:633} INFO - Processing file /opt/airflow/dags/assignment.py for tasks to queue
[2023-07-03 19:40:02,091] {logging_mixin.py:104} INFO - [2023-07-03 19:40:02,091] {dagbag.py:496} INFO - Filling up the DagBag from /opt/airflow/dags/assignment.py
[2023-07-03 19:40:02,149] {scheduler_job.py:643} INFO - DAG(s) dict_keys(['assignment']) retrieved from /opt/airflow/dags/assignment.py
[2023-07-03 19:40:02,203] {logging_mixin.py:104} INFO - [2023-07-03 19:40:02,203] {dag.py:1833} INFO - Sync 1 DAGs
[2023-07-03 19:40:02,263] {logging_mixin.py:104} INFO - [2023-07-03 19:40:02,262] {dag.py:2306} INFO - Setting next_dagrun for assignment to 2023-07-03 00:00:00+00:00
[2023-07-03 19:40:02,281] {scheduler_job.py:190} INFO - Processing /opt/airflow/dags/assignment.py took 0.203 seconds
[2023-07-03 19:40:32,410] {scheduler_job.py:182} INFO - Started process (PID=217) to work on /opt/airflow/dags/assignment.py
[2023-07-03 19:40:32,414] {scheduler_job.py:633} INFO - Processing file /opt/airflow/dags/assignment.py for tasks to queue
[2023-07-03 19:40:32,416] {logging_mixin.py:104} INFO - [2023-07-03 19:40:32,416] {dagbag.py:496} INFO - Filling up the DagBag from /opt/airflow/dags/assignment.py
[2023-07-03 19:40:32,477] {scheduler_job.py:643} INFO - DAG(s) dict_keys(['assignment']) retrieved from /opt/airflow/dags/assignment.py
[2023-07-03 19:40:32,536] {logging_mixin.py:104} INFO - [2023-07-03 19:40:32,536] {dag.py:1833} INFO - Sync 1 DAGs
[2023-07-03 19:40:32,609] {logging_mixin.py:104} INFO - [2023-07-03 19:40:32,608] {dag.py:2306} INFO - Setting next_dagrun for assignment to 2023-07-03 00:00:00+00:00
[2023-07-03 19:40:32,631] {scheduler_job.py:190} INFO - Processing /opt/airflow/dags/assignment.py took 0.227 seconds
[2023-07-03 19:41:02,750] {scheduler_job.py:182} INFO - Started process (PID=248) to work on /opt/airflow/dags/assignment.py
[2023-07-03 19:41:02,755] {scheduler_job.py:633} INFO - Processing file /opt/airflow/dags/assignment.py for tasks to queue
[2023-07-03 19:41:02,757] {logging_mixin.py:104} INFO - [2023-07-03 19:41:02,757] {dagbag.py:496} INFO - Filling up the DagBag from /opt/airflow/dags/assignment.py
[2023-07-03 19:41:02,818] {scheduler_job.py:643} INFO - DAG(s) dict_keys(['assignment']) retrieved from /opt/airflow/dags/assignment.py
[2023-07-03 19:41:02,876] {logging_mixin.py:104} INFO - [2023-07-03 19:41:02,875] {dag.py:1833} INFO - Sync 1 DAGs
[2023-07-03 19:41:02,940] {logging_mixin.py:104} INFO - [2023-07-03 19:41:02,939] {dag.py:2306} INFO - Setting next_dagrun for assignment to 2023-07-03 00:00:00+00:00
[2023-07-03 19:41:02,958] {scheduler_job.py:190} INFO - Processing /opt/airflow/dags/assignment.py took 0.215 seconds
[2023-07-03 19:41:33,148] {scheduler_job.py:182} INFO - Started process (PID=278) to work on /opt/airflow/dags/assignment.py
[2023-07-03 19:41:33,152] {scheduler_job.py:633} INFO - Processing file /opt/airflow/dags/assignment.py for tasks to queue
[2023-07-03 19:41:33,155] {logging_mixin.py:104} INFO - [2023-07-03 19:41:33,154] {dagbag.py:496} INFO - Filling up the DagBag from /opt/airflow/dags/assignment.py
[2023-07-03 19:41:33,256] {scheduler_job.py:643} INFO - DAG(s) dict_keys(['assignment']) retrieved from /opt/airflow/dags/assignment.py
[2023-07-03 19:41:33,319] {logging_mixin.py:104} INFO - [2023-07-03 19:41:33,318] {dag.py:1833} INFO - Sync 1 DAGs
[2023-07-03 19:41:33,384] {logging_mixin.py:104} INFO - [2023-07-03 19:41:33,383] {dag.py:2306} INFO - Setting next_dagrun for assignment to 2023-07-03 00:00:00+00:00
[2023-07-03 19:41:33,403] {scheduler_job.py:190} INFO - Processing /opt/airflow/dags/assignment.py took 0.262 seconds
[2023-07-03 19:42:03,531] {scheduler_job.py:182} INFO - Started process (PID=309) to work on /opt/airflow/dags/assignment.py
[2023-07-03 19:42:03,534] {scheduler_job.py:633} INFO - Processing file /opt/airflow/dags/assignment.py for tasks to queue
[2023-07-03 19:42:03,537] {logging_mixin.py:104} INFO - [2023-07-03 19:42:03,536] {dagbag.py:496} INFO - Filling up the DagBag from /opt/airflow/dags/assignment.py
[2023-07-03 19:42:03,598] {scheduler_job.py:643} INFO - DAG(s) dict_keys(['assignment']) retrieved from /opt/airflow/dags/assignment.py
[2023-07-03 19:42:03,654] {logging_mixin.py:104} INFO - [2023-07-03 19:42:03,653] {dag.py:1833} INFO - Sync 1 DAGs
[2023-07-03 19:42:03,715] {logging_mixin.py:104} INFO - [2023-07-03 19:42:03,715] {dag.py:2306} INFO - Setting next_dagrun for assignment to 2023-07-03 00:00:00+00:00
[2023-07-03 19:42:03,734] {scheduler_job.py:190} INFO - Processing /opt/airflow/dags/assignment.py took 0.211 seconds
