[2023-06-23 21:01:30,246] {taskinstance.py:896} INFO - Dependencies all met for <TaskInstance: assignment.task_one 2023-06-23T20:59:54.786855+00:00 [queued]>
[2023-06-23 21:01:30,329] {taskinstance.py:896} INFO - Dependencies all met for <TaskInstance: assignment.task_one 2023-06-23T20:59:54.786855+00:00 [queued]>
[2023-06-23 21:01:30,331] {taskinstance.py:1087} INFO - 
--------------------------------------------------------------------------------
[2023-06-23 21:01:30,334] {taskinstance.py:1088} INFO - Starting attempt 1 of 1
[2023-06-23 21:01:30,336] {taskinstance.py:1089} INFO - 
--------------------------------------------------------------------------------
[2023-06-23 21:01:30,395] {taskinstance.py:1107} INFO - Executing <Task(PythonOperator): task_one> on 2023-06-23T20:59:54.786855+00:00
[2023-06-23 21:01:30,405] {standard_task_runner.py:52} INFO - Started process 1986 to run task
[2023-06-23 21:01:30,423] {standard_task_runner.py:76} INFO - Running: ['***', 'tasks', 'run', 'assignment', 'task_one', '2023-06-23T20:59:54.786855+00:00', '--job-id', '10', '--pool', 'default_pool', '--raw', '--subdir', 'DAGS_FOLDER/assignment.py', '--cfg-path', '/tmp/tmpm8r42f5t', '--error-file', '/tmp/tmp02kvegdh']
[2023-06-23 21:01:30,426] {standard_task_runner.py:77} INFO - Job 10: Subtask task_one
[2023-06-23 21:01:30,598] {logging_mixin.py:104} INFO - Running <TaskInstance: assignment.task_one 2023-06-23T20:59:54.786855+00:00 [running]> on host 7f7a4865b07a
[2023-06-23 21:01:30,825] {taskinstance.py:1302} INFO - Exporting the following env vars:
AIRFLOW_CTX_DAG_OWNER=***
AIRFLOW_CTX_DAG_ID=assignment
AIRFLOW_CTX_TASK_ID=task_one
AIRFLOW_CTX_EXECUTION_DATE=2023-06-23T20:59:54.786855+00:00
AIRFLOW_CTX_DAG_RUN_ID=manual__2023-06-23T20:59:54.786855+00:00
[2023-06-23 21:01:31,083] {logging_mixin.py:104} INFO - wrote file: m1a.html
[2023-06-23 21:01:31,085] {logging_mixin.py:104} INFO - pulled: m1a.html
[2023-06-23 21:01:31,087] {logging_mixin.py:104} INFO - --- waiting ---
[2023-06-23 21:01:46,344] {logging_mixin.py:104} INFO - wrote file: m1b.html
[2023-06-23 21:01:46,347] {logging_mixin.py:104} INFO - pulled: m1b.html
[2023-06-23 21:01:46,348] {logging_mixin.py:104} INFO - --- waiting ---
[2023-06-23 21:02:01,600] {logging_mixin.py:104} INFO - wrote file: m1c.html
[2023-06-23 21:02:01,602] {logging_mixin.py:104} INFO - pulled: m1c.html
[2023-06-23 21:02:01,604] {logging_mixin.py:104} INFO - --- waiting ---
[2023-06-23 21:02:16,871] {logging_mixin.py:104} INFO - wrote file: m2a.html
[2023-06-23 21:02:16,873] {logging_mixin.py:104} INFO - pulled: m2a.html
[2023-06-23 21:02:16,875] {logging_mixin.py:104} INFO - --- waiting ---
[2023-06-23 21:02:32,131] {logging_mixin.py:104} INFO - wrote file: m2b.html
[2023-06-23 21:02:32,133] {logging_mixin.py:104} INFO - pulled: m2b.html
[2023-06-23 21:02:32,135] {logging_mixin.py:104} INFO - --- waiting ---
[2023-06-23 21:02:47,368] {logging_mixin.py:104} INFO - wrote file: m2c.html
[2023-06-23 21:02:47,372] {logging_mixin.py:104} INFO - pulled: m2c.html
[2023-06-23 21:02:47,375] {logging_mixin.py:104} INFO - --- waiting ---
[2023-06-23 21:03:02,839] {logging_mixin.py:104} INFO - wrote file: m3a.html
[2023-06-23 21:03:02,841] {logging_mixin.py:104} INFO - pulled: m3a.html
[2023-06-23 21:03:02,843] {logging_mixin.py:104} INFO - --- waiting ---
[2023-06-23 21:03:18,043] {logging_mixin.py:104} INFO - wrote file: m3b.html
[2023-06-23 21:03:18,045] {logging_mixin.py:104} INFO - pulled: m3b.html
[2023-06-23 21:03:18,047] {logging_mixin.py:104} INFO - --- waiting ---
[2023-06-23 21:03:33,384] {logging_mixin.py:104} INFO - wrote file: m4a.html
[2023-06-23 21:03:33,387] {logging_mixin.py:104} INFO - pulled: m4a.html
[2023-06-23 21:03:33,389] {logging_mixin.py:104} INFO - --- waiting ---
[2023-06-23 21:03:48,578] {logging_mixin.py:104} INFO - wrote file: m4b.html
[2023-06-23 21:03:48,580] {logging_mixin.py:104} INFO - pulled: m4b.html
[2023-06-23 21:03:48,582] {logging_mixin.py:104} INFO - --- waiting ---
[2023-06-23 21:04:04,171] {logging_mixin.py:104} INFO - wrote file: m4c.html
[2023-06-23 21:04:04,173] {logging_mixin.py:104} INFO - pulled: m4c.html
[2023-06-23 21:04:04,175] {logging_mixin.py:104} INFO - --- waiting ---
[2023-06-23 21:04:19,386] {logging_mixin.py:104} INFO - wrote file: m4d.html
[2023-06-23 21:04:19,388] {logging_mixin.py:104} INFO - pulled: m4d.html
[2023-06-23 21:04:19,390] {logging_mixin.py:104} INFO - --- waiting ---
[2023-06-23 21:04:34,604] {logging_mixin.py:104} INFO - wrote file: m4e.html
[2023-06-23 21:04:34,607] {logging_mixin.py:104} INFO - pulled: m4e.html
[2023-06-23 21:04:34,609] {logging_mixin.py:104} INFO - --- waiting ---
[2023-06-23 21:04:49,804] {logging_mixin.py:104} INFO - wrote file: m4f.html
[2023-06-23 21:04:49,806] {logging_mixin.py:104} INFO - pulled: m4f.html
[2023-06-23 21:04:49,808] {logging_mixin.py:104} INFO - --- waiting ---
[2023-06-23 21:05:04,965] {logging_mixin.py:104} INFO - wrote file: m4g.html
[2023-06-23 21:05:04,967] {logging_mixin.py:104} INFO - pulled: m4g.html
[2023-06-23 21:05:04,969] {logging_mixin.py:104} INFO - --- waiting ---
[2023-06-23 21:05:23,267] {logging_mixin.py:104} INFO - wrote file: m5a.html
[2023-06-23 21:05:23,269] {logging_mixin.py:104} INFO - pulled: m5a.html
[2023-06-23 21:05:23,270] {logging_mixin.py:104} INFO - --- waiting ---
[2023-06-23 21:05:38,460] {logging_mixin.py:104} INFO - wrote file: m5b.html
[2023-06-23 21:05:38,463] {logging_mixin.py:104} INFO - pulled: m5b.html
[2023-06-23 21:05:38,464] {logging_mixin.py:104} INFO - --- waiting ---
[2023-06-23 21:05:53,683] {logging_mixin.py:104} INFO - wrote file: m6a.html
[2023-06-23 21:05:53,686] {logging_mixin.py:104} INFO - pulled: m6a.html
[2023-06-23 21:05:53,687] {logging_mixin.py:104} INFO - --- waiting ---
[2023-06-23 21:06:09,039] {logging_mixin.py:104} INFO - wrote file: m6b.html
[2023-06-23 21:06:09,041] {logging_mixin.py:104} INFO - pulled: m6b.html
[2023-06-23 21:06:09,042] {logging_mixin.py:104} INFO - --- waiting ---
[2023-06-23 21:06:24,261] {logging_mixin.py:104} INFO - wrote file: m6c.html
[2023-06-23 21:06:24,263] {logging_mixin.py:104} INFO - pulled: m6c.html
[2023-06-23 21:06:24,265] {logging_mixin.py:104} INFO - --- waiting ---
[2023-06-23 21:06:39,510] {logging_mixin.py:104} INFO - wrote file: m7a.html
[2023-06-23 21:06:39,512] {logging_mixin.py:104} INFO - pulled: m7a.html
[2023-06-23 21:06:39,514] {logging_mixin.py:104} INFO - --- waiting ---
[2023-06-23 21:06:54,895] {logging_mixin.py:104} INFO - wrote file: m8a.html
[2023-06-23 21:06:54,898] {logging_mixin.py:104} INFO - pulled: m8a.html
[2023-06-23 21:06:54,899] {logging_mixin.py:104} INFO - --- waiting ---
[2023-06-23 21:07:10,319] {logging_mixin.py:104} INFO - wrote file: m8b.html
[2023-06-23 21:07:10,322] {logging_mixin.py:104} INFO - pulled: m8b.html
[2023-06-23 21:07:10,323] {logging_mixin.py:104} INFO - --- waiting ---
[2023-06-23 21:07:25,525] {logging_mixin.py:104} INFO - wrote file: m9a.html
[2023-06-23 21:07:25,527] {logging_mixin.py:104} INFO - pulled: m9a.html
[2023-06-23 21:07:25,529] {logging_mixin.py:104} INFO - --- waiting ---
[2023-06-23 21:07:40,959] {logging_mixin.py:104} INFO - wrote file: m9b.html
[2023-06-23 21:07:40,961] {logging_mixin.py:104} INFO - pulled: m9b.html
[2023-06-23 21:07:40,963] {logging_mixin.py:104} INFO - --- waiting ---
[2023-06-23 21:07:56,213] {logging_mixin.py:104} INFO - wrote file: m10a.html
[2023-06-23 21:07:56,215] {logging_mixin.py:104} INFO - pulled: m10a.html
[2023-06-23 21:07:56,217] {logging_mixin.py:104} INFO - --- waiting ---
[2023-06-23 21:08:11,604] {logging_mixin.py:104} INFO - wrote file: m10b.html
[2023-06-23 21:08:11,606] {logging_mixin.py:104} INFO - pulled: m10b.html
[2023-06-23 21:08:11,608] {logging_mixin.py:104} INFO - --- waiting ---
[2023-06-23 21:08:26,745] {taskinstance.py:1501} ERROR - Task failed with exception
Traceback (most recent call last):
  File "/home/airflow/.local/lib/python3.6/site-packages/airflow/models/taskinstance.py", line 1157, in _run_raw_task
    self._prepare_and_execute_task_with_callbacks(context, task)
  File "/home/airflow/.local/lib/python3.6/site-packages/airflow/models/taskinstance.py", line 1331, in _prepare_and_execute_task_with_callbacks
    result = self._execute_task(context, task_copy)
  File "/home/airflow/.local/lib/python3.6/site-packages/airflow/models/taskinstance.py", line 1361, in _execute_task
    result = task_copy.execute(context=context)
  File "/home/airflow/.local/lib/python3.6/site-packages/airflow/operators/python.py", line 150, in execute
    return_value = self.execute_callable()
  File "/home/airflow/.local/lib/python3.6/site-packages/airflow/operators/python.py", line 161, in execute_callable
    return self.python_callable(*self.op_args, **self.op_kwargs)
  File "/opt/airflow/dags/assignment.py", line 83, in catalog
    urldata = pull(url)
  File "/opt/airflow/dags/assignment.py", line 19, in pull
    response = urllib.request.urlopen(url).read()
  File "/usr/local/lib/python3.6/urllib/request.py", line 223, in urlopen
    return opener.open(url, data, timeout)
  File "/usr/local/lib/python3.6/urllib/request.py", line 532, in open
    response = meth(req, response)
  File "/usr/local/lib/python3.6/urllib/request.py", line 642, in http_response
    'http', request, response, code, msg, hdrs)
  File "/usr/local/lib/python3.6/urllib/request.py", line 570, in error
    return self._call_chain(*args)
  File "/usr/local/lib/python3.6/urllib/request.py", line 504, in _call_chain
    result = func(*args)
  File "/usr/local/lib/python3.6/urllib/request.py", line 650, in http_error_default
    raise HTTPError(req.full_url, code, msg, hdrs, fp)
urllib.error.HTTPError: HTTP Error 404: Not Found
[2023-06-23 21:08:26,767] {taskinstance.py:1551} INFO - Marking task as FAILED. dag_id=assignment, task_id=task_one, execution_date=20230623T205954, start_date=20230623T210130, end_date=20230623T210826
[2023-06-23 21:08:26,879] {local_task_job.py:151} INFO - Task exited with return code 1
