[2023-06-24 00:14:22,908] {taskinstance.py:896} INFO - Dependencies all met for <TaskInstance: assignment.task_five 2023-06-23T00:00:00+00:00 [queued]>
[2023-06-24 00:14:22,944] {taskinstance.py:896} INFO - Dependencies all met for <TaskInstance: assignment.task_five 2023-06-23T00:00:00+00:00 [queued]>
[2023-06-24 00:14:22,946] {taskinstance.py:1087} INFO - 
--------------------------------------------------------------------------------
[2023-06-24 00:14:22,947] {taskinstance.py:1088} INFO - Starting attempt 1 of 1
[2023-06-24 00:14:22,948] {taskinstance.py:1089} INFO - 
--------------------------------------------------------------------------------
[2023-06-24 00:14:22,981] {taskinstance.py:1107} INFO - Executing <Task(PythonOperator): task_five> on 2023-06-23T00:00:00+00:00
[2023-06-24 00:14:22,987] {standard_task_runner.py:52} INFO - Started process 16485 to run task
[2023-06-24 00:14:22,997] {standard_task_runner.py:76} INFO - Running: ['***', 'tasks', 'run', 'assignment', 'task_five', '2023-06-23T00:00:00+00:00', '--job-id', '40', '--pool', 'default_pool', '--raw', '--subdir', 'DAGS_FOLDER/assignment.py', '--cfg-path', '/tmp/tmp98lf_y67', '--error-file', '/tmp/tmpdl48mus7']
[2023-06-24 00:14:22,999] {standard_task_runner.py:77} INFO - Job 40: Subtask task_five
[2023-06-24 00:14:23,102] {logging_mixin.py:104} INFO - Running <TaskInstance: assignment.task_five 2023-06-23T00:00:00+00:00 [running]> on host 7f7a4865b07a
[2023-06-24 00:14:23,224] {taskinstance.py:1302} INFO - Exporting the following env vars:
AIRFLOW_CTX_DAG_OWNER=***
AIRFLOW_CTX_DAG_ID=assignment
AIRFLOW_CTX_TASK_ID=task_five
AIRFLOW_CTX_EXECUTION_DATE=2023-06-23T00:00:00+00:00
AIRFLOW_CTX_DAG_RUN_ID=scheduled__2023-06-23T00:00:00+00:00
[2023-06-24 00:14:23,272] {logging_mixin.py:104} INFO - wrote file: words.json
[2023-06-24 00:14:23,275] {python.py:151} INFO - Done. Returned value was: None
[2023-06-24 00:14:23,303] {taskinstance.py:1211} INFO - Marking task as SUCCESS. dag_id=assignment, task_id=task_five, execution_date=20230623T000000, start_date=20230624T001422, end_date=20230624T001423
[2023-06-24 00:14:23,375] {taskinstance.py:1265} INFO - 0 downstream tasks scheduled from follow-on schedule check
[2023-06-24 00:14:23,420] {local_task_job.py:151} INFO - Task exited with return code 0
