[2023-06-25 00:10:10,987] {taskinstance.py:896} INFO - Dependencies all met for <TaskInstance: assignment.task_one 2023-06-24T00:00:00+00:00 [queued]>
[2023-06-25 00:10:11,100] {taskinstance.py:896} INFO - Dependencies all met for <TaskInstance: assignment.task_one 2023-06-24T00:00:00+00:00 [queued]>
[2023-06-25 00:10:11,108] {taskinstance.py:1087} INFO - 
--------------------------------------------------------------------------------
[2023-06-25 00:10:11,117] {taskinstance.py:1088} INFO - Starting attempt 1 of 1
[2023-06-25 00:10:11,126] {taskinstance.py:1089} INFO - 
--------------------------------------------------------------------------------
[2023-06-25 00:10:11,260] {taskinstance.py:1107} INFO - Executing <Task(PythonOperator): task_one> on 2023-06-24T00:00:00+00:00
[2023-06-25 00:10:11,285] {standard_task_runner.py:52} INFO - Started process 26864 to run task
[2023-06-25 00:10:11,316] {standard_task_runner.py:76} INFO - Running: ['***', 'tasks', 'run', 'assignment', 'task_one', '2023-06-24T00:00:00+00:00', '--job-id', '42', '--pool', 'default_pool', '--raw', '--subdir', 'DAGS_FOLDER/assignment.py', '--cfg-path', '/tmp/tmpvfqz2_z0', '--error-file', '/tmp/tmppcyajl72']
[2023-06-25 00:10:11,326] {standard_task_runner.py:77} INFO - Job 42: Subtask task_one
[2023-06-25 00:10:11,557] {logging_mixin.py:104} INFO - Running <TaskInstance: assignment.task_one 2023-06-24T00:00:00+00:00 [running]> on host 7f7a4865b07a
[2023-06-25 00:10:11,809] {taskinstance.py:1302} INFO - Exporting the following env vars:
AIRFLOW_CTX_DAG_OWNER=***
AIRFLOW_CTX_DAG_ID=assignment
AIRFLOW_CTX_TASK_ID=task_one
AIRFLOW_CTX_EXECUTION_DATE=2023-06-24T00:00:00+00:00
AIRFLOW_CTX_DAG_RUN_ID=scheduled__2023-06-24T00:00:00+00:00
[2023-06-25 00:10:13,122] {logging_mixin.py:104} INFO - wrote file: m1a.html
[2023-06-25 00:10:13,125] {logging_mixin.py:104} INFO - pulled: m1a.html
[2023-06-25 00:10:13,127] {logging_mixin.py:104} INFO - --- waiting ---
[2023-06-25 00:10:28,410] {logging_mixin.py:104} INFO - wrote file: m1b.html
[2023-06-25 00:10:28,413] {logging_mixin.py:104} INFO - pulled: m1b.html
[2023-06-25 00:10:28,414] {logging_mixin.py:104} INFO - --- waiting ---
[2023-06-25 00:10:43,665] {logging_mixin.py:104} INFO - wrote file: m1c.html
[2023-06-25 00:10:43,668] {logging_mixin.py:104} INFO - pulled: m1c.html
[2023-06-25 00:10:43,669] {logging_mixin.py:104} INFO - --- waiting ---
[2023-06-25 00:12:01,700] {logging_mixin.py:104} INFO - wrote file: m2a.html
[2023-06-25 00:12:01,702] {logging_mixin.py:104} INFO - pulled: m2a.html
[2023-06-25 00:12:01,703] {logging_mixin.py:104} INFO - --- waiting ---
[2023-06-25 00:12:16,925] {logging_mixin.py:104} INFO - wrote file: m2b.html
[2023-06-25 00:12:16,927] {logging_mixin.py:104} INFO - pulled: m2b.html
[2023-06-25 00:12:16,928] {logging_mixin.py:104} INFO - --- waiting ---
[2023-06-25 00:14:27,539] {logging_mixin.py:104} INFO - wrote file: m2c.html
[2023-06-25 00:14:27,543] {logging_mixin.py:104} INFO - pulled: m2c.html
[2023-06-25 00:14:27,545] {logging_mixin.py:104} INFO - --- waiting ---
[2023-06-25 00:14:43,224] {logging_mixin.py:104} INFO - wrote file: m3b.html
[2023-06-25 00:14:43,236] {logging_mixin.py:104} INFO - pulled: m3b.html
[2023-06-25 00:14:43,240] {logging_mixin.py:104} INFO - --- waiting ---
[2023-06-25 00:29:18,768] {local_task_job.py:199} WARNING - State of this instance has been externally set to failed. Terminating instance.
[2023-06-25 00:29:18,811] {process_utils.py:100} INFO - Sending Signals.SIGTERM to GPID 26864
[2023-06-25 00:29:18,824] {taskinstance.py:1284} ERROR - Received SIGTERM. Terminating subprocesses.
[2023-06-25 00:29:19,015] {process_utils.py:66} INFO - Process psutil.Process(pid=26864, status='terminated', exitcode=0, started='00:10:11') (26864) terminated with exit code 0
