[2023-05-24 21:34:07,497] {scheduler_job.py:182} INFO - Started process (PID=508) to work on /opt/airflow/dags/module19_assignment.py
[2023-05-24 21:34:07,500] {scheduler_job.py:633} INFO - Processing file /opt/airflow/dags/module19_assignment.py for tasks to queue
[2023-05-24 21:34:07,502] {logging_mixin.py:104} INFO - [2023-05-24 21:34:07,502] {dagbag.py:496} INFO - Filling up the DagBag from /opt/airflow/dags/module19_assignment.py
[2023-05-24 21:34:07,544] {scheduler_job.py:645} WARNING - No viable dags retrieved from /opt/airflow/dags/module19_assignment.py
[2023-05-24 21:34:07,565] {scheduler_job.py:190} INFO - Processing /opt/airflow/dags/module19_assignment.py took 0.074 seconds
[2023-05-24 21:34:19,654] {scheduler_job.py:182} INFO - Started process (PID=529) to work on /opt/airflow/dags/module19_assignment.py
[2023-05-24 21:34:19,657] {scheduler_job.py:633} INFO - Processing file /opt/airflow/dags/module19_assignment.py for tasks to queue
[2023-05-24 21:34:19,662] {logging_mixin.py:104} INFO - [2023-05-24 21:34:19,661] {dagbag.py:496} INFO - Filling up the DagBag from /opt/airflow/dags/module19_assignment.py
[2023-05-24 21:34:19,704] {scheduler_job.py:645} WARNING - No viable dags retrieved from /opt/airflow/dags/module19_assignment.py
[2023-05-24 21:34:19,743] {scheduler_job.py:190} INFO - Processing /opt/airflow/dags/module19_assignment.py took 0.096 seconds
[2023-05-24 21:34:45,913] {scheduler_job.py:182} INFO - Started process (PID=550) to work on /opt/airflow/dags/module19_assignment.py
[2023-05-24 21:34:45,920] {scheduler_job.py:633} INFO - Processing file /opt/airflow/dags/module19_assignment.py for tasks to queue
[2023-05-24 21:34:45,924] {logging_mixin.py:104} INFO - [2023-05-24 21:34:45,923] {dagbag.py:496} INFO - Filling up the DagBag from /opt/airflow/dags/module19_assignment.py
[2023-05-24 21:34:45,949] {logging_mixin.py:104} INFO - [2023-05-24 21:34:45,941] {dagbag.py:329} ERROR - Failed to import: /opt/airflow/dags/module19_assignment.py
Traceback (most recent call last):
  File "/home/airflow/.local/lib/python3.6/site-packages/airflow/models/dagbag.py", line 326, in _load_modules_from_file
    loader.exec_module(new_module)
  File "<frozen importlib._bootstrap_external>", line 674, in exec_module
  File "<frozen importlib._bootstrap_external>", line 781, in get_code
  File "<frozen importlib._bootstrap_external>", line 741, in source_to_code
  File "<frozen importlib._bootstrap>", line 219, in _call_with_frames_removed
  File "/opt/airflow/dags/module19_assignment.py", line 24
    schedule_interval = “0 12 * * *”,
                         ^
SyntaxError: invalid character in identifier
[2023-05-24 21:34:45,952] {scheduler_job.py:645} WARNING - No viable dags retrieved from /opt/airflow/dags/module19_assignment.py
[2023-05-24 21:34:45,984] {scheduler_job.py:190} INFO - Processing /opt/airflow/dags/module19_assignment.py took 0.083 seconds
[2023-05-24 21:35:16,215] {scheduler_job.py:182} INFO - Started process (PID=587) to work on /opt/airflow/dags/module19_assignment.py
[2023-05-24 21:35:16,220] {scheduler_job.py:633} INFO - Processing file /opt/airflow/dags/module19_assignment.py for tasks to queue
[2023-05-24 21:35:16,223] {logging_mixin.py:104} INFO - [2023-05-24 21:35:16,222] {dagbag.py:496} INFO - Filling up the DagBag from /opt/airflow/dags/module19_assignment.py
[2023-05-24 21:35:16,238] {logging_mixin.py:104} INFO - [2023-05-24 21:35:16,233] {dagbag.py:329} ERROR - Failed to import: /opt/airflow/dags/module19_assignment.py
Traceback (most recent call last):
  File "/home/airflow/.local/lib/python3.6/site-packages/airflow/models/dagbag.py", line 326, in _load_modules_from_file
    loader.exec_module(new_module)
  File "<frozen importlib._bootstrap_external>", line 674, in exec_module
  File "<frozen importlib._bootstrap_external>", line 781, in get_code
  File "<frozen importlib._bootstrap_external>", line 741, in source_to_code
  File "<frozen importlib._bootstrap>", line 219, in _call_with_frames_removed
  File "/opt/airflow/dags/module19_assignment.py", line 24
    schedule_interval = “0 12 * * *”,
                         ^
SyntaxError: invalid character in identifier
[2023-05-24 21:35:16,242] {scheduler_job.py:645} WARNING - No viable dags retrieved from /opt/airflow/dags/module19_assignment.py
[2023-05-24 21:35:16,274] {scheduler_job.py:190} INFO - Processing /opt/airflow/dags/module19_assignment.py took 0.066 seconds
[2023-05-24 21:35:46,567] {scheduler_job.py:182} INFO - Started process (PID=611) to work on /opt/airflow/dags/module19_assignment.py
[2023-05-24 21:35:46,573] {scheduler_job.py:633} INFO - Processing file /opt/airflow/dags/module19_assignment.py for tasks to queue
[2023-05-24 21:35:46,576] {logging_mixin.py:104} INFO - [2023-05-24 21:35:46,576] {dagbag.py:496} INFO - Filling up the DagBag from /opt/airflow/dags/module19_assignment.py
[2023-05-24 21:35:46,592] {logging_mixin.py:104} INFO - [2023-05-24 21:35:46,587] {dagbag.py:329} ERROR - Failed to import: /opt/airflow/dags/module19_assignment.py
Traceback (most recent call last):
  File "/home/airflow/.local/lib/python3.6/site-packages/airflow/models/dagbag.py", line 326, in _load_modules_from_file
    loader.exec_module(new_module)
  File "<frozen importlib._bootstrap_external>", line 674, in exec_module
  File "<frozen importlib._bootstrap_external>", line 781, in get_code
  File "<frozen importlib._bootstrap_external>", line 741, in source_to_code
  File "<frozen importlib._bootstrap>", line 219, in _call_with_frames_removed
  File "/opt/airflow/dags/module19_assignment.py", line 24
    schedule_interval = “0 12 * * *”,
                         ^
SyntaxError: invalid character in identifier
[2023-05-24 21:35:46,595] {scheduler_job.py:645} WARNING - No viable dags retrieved from /opt/airflow/dags/module19_assignment.py
[2023-05-24 21:35:46,623] {scheduler_job.py:190} INFO - Processing /opt/airflow/dags/module19_assignment.py took 0.068 seconds
[2023-05-24 21:36:16,806] {scheduler_job.py:182} INFO - Started process (PID=651) to work on /opt/airflow/dags/module19_assignment.py
[2023-05-24 21:36:16,810] {scheduler_job.py:633} INFO - Processing file /opt/airflow/dags/module19_assignment.py for tasks to queue
[2023-05-24 21:36:16,813] {logging_mixin.py:104} INFO - [2023-05-24 21:36:16,812] {dagbag.py:496} INFO - Filling up the DagBag from /opt/airflow/dags/module19_assignment.py
[2023-05-24 21:36:16,826] {logging_mixin.py:104} INFO - [2023-05-24 21:36:16,822] {dagbag.py:329} ERROR - Failed to import: /opt/airflow/dags/module19_assignment.py
Traceback (most recent call last):
  File "/home/airflow/.local/lib/python3.6/site-packages/airflow/models/dagbag.py", line 326, in _load_modules_from_file
    loader.exec_module(new_module)
  File "<frozen importlib._bootstrap_external>", line 674, in exec_module
  File "<frozen importlib._bootstrap_external>", line 781, in get_code
  File "<frozen importlib._bootstrap_external>", line 741, in source_to_code
  File "<frozen importlib._bootstrap>", line 219, in _call_with_frames_removed
  File "/opt/airflow/dags/module19_assignment.py", line 24
    schedule_interval = “0 12 * * *”,
                         ^
SyntaxError: invalid character in identifier
[2023-05-24 21:36:16,829] {scheduler_job.py:645} WARNING - No viable dags retrieved from /opt/airflow/dags/module19_assignment.py
[2023-05-24 21:36:16,861] {scheduler_job.py:190} INFO - Processing /opt/airflow/dags/module19_assignment.py took 0.061 seconds
[2023-05-24 21:36:43,053] {scheduler_job.py:182} INFO - Started process (PID=672) to work on /opt/airflow/dags/module19_assignment.py
[2023-05-24 21:36:43,057] {scheduler_job.py:633} INFO - Processing file /opt/airflow/dags/module19_assignment.py for tasks to queue
[2023-05-24 21:36:43,060] {logging_mixin.py:104} INFO - [2023-05-24 21:36:43,059] {dagbag.py:496} INFO - Filling up the DagBag from /opt/airflow/dags/module19_assignment.py
[2023-05-24 21:36:43,074] {logging_mixin.py:104} INFO - [2023-05-24 21:36:43,069] {dagbag.py:329} ERROR - Failed to import: /opt/airflow/dags/module19_assignment.py
Traceback (most recent call last):
  File "/home/airflow/.local/lib/python3.6/site-packages/airflow/models/dagbag.py", line 326, in _load_modules_from_file
    loader.exec_module(new_module)
  File "<frozen importlib._bootstrap_external>", line 674, in exec_module
  File "<frozen importlib._bootstrap_external>", line 781, in get_code
  File "<frozen importlib._bootstrap_external>", line 741, in source_to_code
  File "<frozen importlib._bootstrap>", line 219, in _call_with_frames_removed
  File "/opt/airflow/dags/module19_assignment.py", line 24
    schedule_interval = “0 12 * * *”,
                         ^
SyntaxError: invalid character in identifier
[2023-05-24 21:36:43,077] {scheduler_job.py:645} WARNING - No viable dags retrieved from /opt/airflow/dags/module19_assignment.py
[2023-05-24 21:36:43,105] {scheduler_job.py:190} INFO - Processing /opt/airflow/dags/module19_assignment.py took 0.059 seconds
[2023-05-24 21:37:13,347] {scheduler_job.py:182} INFO - Started process (PID=712) to work on /opt/airflow/dags/module19_assignment.py
[2023-05-24 21:37:13,351] {scheduler_job.py:633} INFO - Processing file /opt/airflow/dags/module19_assignment.py for tasks to queue
[2023-05-24 21:37:13,354] {logging_mixin.py:104} INFO - [2023-05-24 21:37:13,353] {dagbag.py:496} INFO - Filling up the DagBag from /opt/airflow/dags/module19_assignment.py
[2023-05-24 21:37:13,370] {logging_mixin.py:104} INFO - [2023-05-24 21:37:13,364] {dagbag.py:329} ERROR - Failed to import: /opt/airflow/dags/module19_assignment.py
Traceback (most recent call last):
  File "/home/airflow/.local/lib/python3.6/site-packages/airflow/models/dagbag.py", line 326, in _load_modules_from_file
    loader.exec_module(new_module)
  File "<frozen importlib._bootstrap_external>", line 674, in exec_module
  File "<frozen importlib._bootstrap_external>", line 781, in get_code
  File "<frozen importlib._bootstrap_external>", line 741, in source_to_code
  File "<frozen importlib._bootstrap>", line 219, in _call_with_frames_removed
  File "/opt/airflow/dags/module19_assignment.py", line 24
    schedule_interval = “0 12 * * *”,
                         ^
SyntaxError: invalid character in identifier
[2023-05-24 21:37:13,373] {scheduler_job.py:645} WARNING - No viable dags retrieved from /opt/airflow/dags/module19_assignment.py
[2023-05-24 21:37:13,404] {scheduler_job.py:190} INFO - Processing /opt/airflow/dags/module19_assignment.py took 0.065 seconds
[2023-05-24 21:37:14,358] {scheduler_job.py:182} INFO - Started process (PID=714) to work on /opt/airflow/dags/module19_assignment.py
[2023-05-24 21:37:14,361] {scheduler_job.py:633} INFO - Processing file /opt/airflow/dags/module19_assignment.py for tasks to queue
[2023-05-24 21:37:14,364] {logging_mixin.py:104} INFO - [2023-05-24 21:37:14,364] {dagbag.py:496} INFO - Filling up the DagBag from /opt/airflow/dags/module19_assignment.py
[2023-05-24 21:37:14,380] {logging_mixin.py:104} INFO - [2023-05-24 21:37:14,374] {dagbag.py:329} ERROR - Failed to import: /opt/airflow/dags/module19_assignment.py
Traceback (most recent call last):
  File "/home/airflow/.local/lib/python3.6/site-packages/airflow/models/dagbag.py", line 326, in _load_modules_from_file
    loader.exec_module(new_module)
  File "<frozen importlib._bootstrap_external>", line 674, in exec_module
  File "<frozen importlib._bootstrap_external>", line 781, in get_code
  File "<frozen importlib._bootstrap_external>", line 741, in source_to_code
  File "<frozen importlib._bootstrap>", line 219, in _call_with_frames_removed
  File "/opt/airflow/dags/module19_assignment.py", line 24
    schedule_interval = “0 12 * * *”,
                         ^
SyntaxError: invalid character in identifier
[2023-05-24 21:37:14,383] {scheduler_job.py:645} WARNING - No viable dags retrieved from /opt/airflow/dags/module19_assignment.py
[2023-05-24 21:37:14,417] {scheduler_job.py:190} INFO - Processing /opt/airflow/dags/module19_assignment.py took 0.066 seconds
[2023-05-24 21:37:44,762] {scheduler_job.py:182} INFO - Started process (PID=745) to work on /opt/airflow/dags/module19_assignment.py
[2023-05-24 21:37:44,767] {scheduler_job.py:633} INFO - Processing file /opt/airflow/dags/module19_assignment.py for tasks to queue
[2023-05-24 21:37:44,769] {logging_mixin.py:104} INFO - [2023-05-24 21:37:44,769] {dagbag.py:496} INFO - Filling up the DagBag from /opt/airflow/dags/module19_assignment.py
[2023-05-24 21:37:44,782] {logging_mixin.py:104} INFO - [2023-05-24 21:37:44,777] {dagbag.py:329} ERROR - Failed to import: /opt/airflow/dags/module19_assignment.py
Traceback (most recent call last):
  File "/home/airflow/.local/lib/python3.6/site-packages/airflow/models/dagbag.py", line 326, in _load_modules_from_file
    loader.exec_module(new_module)
  File "<frozen importlib._bootstrap_external>", line 674, in exec_module
  File "<frozen importlib._bootstrap_external>", line 781, in get_code
  File "<frozen importlib._bootstrap_external>", line 741, in source_to_code
  File "<frozen importlib._bootstrap>", line 219, in _call_with_frames_removed
  File "/opt/airflow/dags/module19_assignment.py", line 24
    schedule_interval = “0 12 * * *”,
                         ^
SyntaxError: invalid character in identifier
[2023-05-24 21:37:44,785] {scheduler_job.py:645} WARNING - No viable dags retrieved from /opt/airflow/dags/module19_assignment.py
[2023-05-24 21:37:44,814] {scheduler_job.py:190} INFO - Processing /opt/airflow/dags/module19_assignment.py took 0.059 seconds
[2023-05-24 21:38:02,890] {scheduler_job.py:182} INFO - Started process (PID=766) to work on /opt/airflow/dags/module19_assignment.py
[2023-05-24 21:38:02,894] {scheduler_job.py:633} INFO - Processing file /opt/airflow/dags/module19_assignment.py for tasks to queue
[2023-05-24 21:38:02,897] {logging_mixin.py:104} INFO - [2023-05-24 21:38:02,896] {dagbag.py:496} INFO - Filling up the DagBag from /opt/airflow/dags/module19_assignment.py
[2023-05-24 21:38:02,911] {logging_mixin.py:104} INFO - [2023-05-24 21:38:02,906] {dagbag.py:329} ERROR - Failed to import: /opt/airflow/dags/module19_assignment.py
Traceback (most recent call last):
  File "/home/airflow/.local/lib/python3.6/site-packages/airflow/models/dagbag.py", line 326, in _load_modules_from_file
    loader.exec_module(new_module)
  File "<frozen importlib._bootstrap_external>", line 674, in exec_module
  File "<frozen importlib._bootstrap_external>", line 781, in get_code
  File "<frozen importlib._bootstrap_external>", line 741, in source_to_code
  File "<frozen importlib._bootstrap>", line 219, in _call_with_frames_removed
  File "/opt/airflow/dags/module19_assignment.py", line 24
    schedule_interval = “0 12 * * *”,
                         ^
SyntaxError: invalid character in identifier
[2023-05-24 21:38:02,914] {scheduler_job.py:645} WARNING - No viable dags retrieved from /opt/airflow/dags/module19_assignment.py
[2023-05-24 21:38:02,942] {scheduler_job.py:190} INFO - Processing /opt/airflow/dags/module19_assignment.py took 0.058 seconds
[2023-05-24 21:38:33,123] {scheduler_job.py:182} INFO - Started process (PID=797) to work on /opt/airflow/dags/module19_assignment.py
[2023-05-24 21:38:33,127] {scheduler_job.py:633} INFO - Processing file /opt/airflow/dags/module19_assignment.py for tasks to queue
[2023-05-24 21:38:33,129] {logging_mixin.py:104} INFO - [2023-05-24 21:38:33,129] {dagbag.py:496} INFO - Filling up the DagBag from /opt/airflow/dags/module19_assignment.py
[2023-05-24 21:38:33,144] {logging_mixin.py:104} INFO - [2023-05-24 21:38:33,139] {dagbag.py:329} ERROR - Failed to import: /opt/airflow/dags/module19_assignment.py
Traceback (most recent call last):
  File "/home/airflow/.local/lib/python3.6/site-packages/airflow/models/dagbag.py", line 326, in _load_modules_from_file
    loader.exec_module(new_module)
  File "<frozen importlib._bootstrap_external>", line 674, in exec_module
  File "<frozen importlib._bootstrap_external>", line 781, in get_code
  File "<frozen importlib._bootstrap_external>", line 741, in source_to_code
  File "<frozen importlib._bootstrap>", line 219, in _call_with_frames_removed
  File "/opt/airflow/dags/module19_assignment.py", line 24
    schedule_interval = “0 12 * * *”,
                         ^
SyntaxError: invalid character in identifier
[2023-05-24 21:38:33,148] {scheduler_job.py:645} WARNING - No viable dags retrieved from /opt/airflow/dags/module19_assignment.py
[2023-05-24 21:38:33,186] {scheduler_job.py:190} INFO - Processing /opt/airflow/dags/module19_assignment.py took 0.071 seconds
[2023-05-24 21:38:35,142] {scheduler_job.py:182} INFO - Started process (PID=799) to work on /opt/airflow/dags/module19_assignment.py
[2023-05-24 21:38:35,146] {scheduler_job.py:633} INFO - Processing file /opt/airflow/dags/module19_assignment.py for tasks to queue
[2023-05-24 21:38:35,148] {logging_mixin.py:104} INFO - [2023-05-24 21:38:35,148] {dagbag.py:496} INFO - Filling up the DagBag from /opt/airflow/dags/module19_assignment.py
[2023-05-24 21:38:35,184] {logging_mixin.py:104} INFO - [2023-05-24 21:38:35,179] {dagbag.py:329} ERROR - Failed to import: /opt/airflow/dags/module19_assignment.py
Traceback (most recent call last):
  File "/home/airflow/.local/lib/python3.6/site-packages/airflow/models/dagbag.py", line 326, in _load_modules_from_file
    loader.exec_module(new_module)
  File "<frozen importlib._bootstrap_external>", line 678, in exec_module
  File "<frozen importlib._bootstrap>", line 219, in _call_with_frames_removed
  File "/opt/airflow/dags/module19_assignment.py", line 24, in <module>
    Start_date = datetime(2017,3,20), catchup = False)
TypeError: __init__() got an unexpected keyword argument 'Start_date'
[2023-05-24 21:38:35,187] {scheduler_job.py:645} WARNING - No viable dags retrieved from /opt/airflow/dags/module19_assignment.py
[2023-05-24 21:38:35,222] {scheduler_job.py:190} INFO - Processing /opt/airflow/dags/module19_assignment.py took 0.086 seconds
[2023-05-24 21:39:05,425] {scheduler_job.py:182} INFO - Started process (PID=839) to work on /opt/airflow/dags/module19_assignment.py
[2023-05-24 21:39:05,429] {scheduler_job.py:633} INFO - Processing file /opt/airflow/dags/module19_assignment.py for tasks to queue
[2023-05-24 21:39:05,431] {logging_mixin.py:104} INFO - [2023-05-24 21:39:05,430] {dagbag.py:496} INFO - Filling up the DagBag from /opt/airflow/dags/module19_assignment.py
[2023-05-24 21:39:05,455] {logging_mixin.py:104} INFO - [2023-05-24 21:39:05,451] {dagbag.py:329} ERROR - Failed to import: /opt/airflow/dags/module19_assignment.py
Traceback (most recent call last):
  File "/home/airflow/.local/lib/python3.6/site-packages/airflow/models/dagbag.py", line 326, in _load_modules_from_file
    loader.exec_module(new_module)
  File "<frozen importlib._bootstrap_external>", line 678, in exec_module
  File "<frozen importlib._bootstrap>", line 219, in _call_with_frames_removed
  File "/opt/airflow/dags/module19_assignment.py", line 24, in <module>
    Start_date = datetime(2017,3,20), catchup = False)
TypeError: __init__() got an unexpected keyword argument 'Start_date'
[2023-05-24 21:39:05,458] {scheduler_job.py:645} WARNING - No viable dags retrieved from /opt/airflow/dags/module19_assignment.py
[2023-05-24 21:39:05,487] {scheduler_job.py:190} INFO - Processing /opt/airflow/dags/module19_assignment.py took 0.069 seconds
[2023-05-24 21:39:35,749] {scheduler_job.py:182} INFO - Started process (PID=870) to work on /opt/airflow/dags/module19_assignment.py
[2023-05-24 21:39:35,753] {scheduler_job.py:633} INFO - Processing file /opt/airflow/dags/module19_assignment.py for tasks to queue
[2023-05-24 21:39:35,756] {logging_mixin.py:104} INFO - [2023-05-24 21:39:35,756] {dagbag.py:496} INFO - Filling up the DagBag from /opt/airflow/dags/module19_assignment.py
[2023-05-24 21:39:35,784] {logging_mixin.py:104} INFO - [2023-05-24 21:39:35,779] {dagbag.py:329} ERROR - Failed to import: /opt/airflow/dags/module19_assignment.py
Traceback (most recent call last):
  File "/home/airflow/.local/lib/python3.6/site-packages/airflow/models/dagbag.py", line 326, in _load_modules_from_file
    loader.exec_module(new_module)
  File "<frozen importlib._bootstrap_external>", line 678, in exec_module
  File "<frozen importlib._bootstrap>", line 219, in _call_with_frames_removed
  File "/opt/airflow/dags/module19_assignment.py", line 24, in <module>
    Start_date = datetime(2017,3,20), catchup = False)
TypeError: __init__() got an unexpected keyword argument 'Start_date'
[2023-05-24 21:39:35,788] {scheduler_job.py:645} WARNING - No viable dags retrieved from /opt/airflow/dags/module19_assignment.py
[2023-05-24 21:39:35,820] {scheduler_job.py:190} INFO - Processing /opt/airflow/dags/module19_assignment.py took 0.079 seconds
[2023-05-24 21:40:06,097] {scheduler_job.py:182} INFO - Started process (PID=900) to work on /opt/airflow/dags/module19_assignment.py
[2023-05-24 21:40:06,103] {scheduler_job.py:633} INFO - Processing file /opt/airflow/dags/module19_assignment.py for tasks to queue
[2023-05-24 21:40:06,106] {logging_mixin.py:104} INFO - [2023-05-24 21:40:06,105] {dagbag.py:496} INFO - Filling up the DagBag from /opt/airflow/dags/module19_assignment.py
[2023-05-24 21:40:06,132] {logging_mixin.py:104} INFO - [2023-05-24 21:40:06,128] {dagbag.py:329} ERROR - Failed to import: /opt/airflow/dags/module19_assignment.py
Traceback (most recent call last):
  File "/home/airflow/.local/lib/python3.6/site-packages/airflow/models/dagbag.py", line 326, in _load_modules_from_file
    loader.exec_module(new_module)
  File "<frozen importlib._bootstrap_external>", line 678, in exec_module
  File "<frozen importlib._bootstrap>", line 219, in _call_with_frames_removed
  File "/opt/airflow/dags/module19_assignment.py", line 24, in <module>
    Start_date = datetime(2017,3,20), catchup = False)
TypeError: __init__() got an unexpected keyword argument 'Start_date'
[2023-05-24 21:40:06,134] {scheduler_job.py:645} WARNING - No viable dags retrieved from /opt/airflow/dags/module19_assignment.py
[2023-05-24 21:40:06,161] {scheduler_job.py:190} INFO - Processing /opt/airflow/dags/module19_assignment.py took 0.076 seconds
[2023-05-24 21:40:36,390] {scheduler_job.py:182} INFO - Started process (PID=941) to work on /opt/airflow/dags/module19_assignment.py
[2023-05-24 21:40:36,396] {scheduler_job.py:633} INFO - Processing file /opt/airflow/dags/module19_assignment.py for tasks to queue
[2023-05-24 21:40:36,398] {logging_mixin.py:104} INFO - [2023-05-24 21:40:36,398] {dagbag.py:496} INFO - Filling up the DagBag from /opt/airflow/dags/module19_assignment.py
[2023-05-24 21:40:36,426] {logging_mixin.py:104} INFO - [2023-05-24 21:40:36,421] {dagbag.py:329} ERROR - Failed to import: /opt/airflow/dags/module19_assignment.py
Traceback (most recent call last):
  File "/home/airflow/.local/lib/python3.6/site-packages/airflow/models/dagbag.py", line 326, in _load_modules_from_file
    loader.exec_module(new_module)
  File "<frozen importlib._bootstrap_external>", line 678, in exec_module
  File "<frozen importlib._bootstrap>", line 219, in _call_with_frames_removed
  File "/opt/airflow/dags/module19_assignment.py", line 24, in <module>
    Start_date = datetime(2017,3,20), catchup = False)
TypeError: __init__() got an unexpected keyword argument 'Start_date'
[2023-05-24 21:40:36,429] {scheduler_job.py:645} WARNING - No viable dags retrieved from /opt/airflow/dags/module19_assignment.py
[2023-05-24 21:40:36,464] {scheduler_job.py:190} INFO - Processing /opt/airflow/dags/module19_assignment.py took 0.082 seconds
[2023-05-24 21:41:06,760] {scheduler_job.py:182} INFO - Started process (PID=962) to work on /opt/airflow/dags/module19_assignment.py
[2023-05-24 21:41:06,765] {scheduler_job.py:633} INFO - Processing file /opt/airflow/dags/module19_assignment.py for tasks to queue
[2023-05-24 21:41:06,768] {logging_mixin.py:104} INFO - [2023-05-24 21:41:06,767] {dagbag.py:496} INFO - Filling up the DagBag from /opt/airflow/dags/module19_assignment.py
[2023-05-24 21:41:06,795] {logging_mixin.py:104} INFO - [2023-05-24 21:41:06,789] {dagbag.py:329} ERROR - Failed to import: /opt/airflow/dags/module19_assignment.py
Traceback (most recent call last):
  File "/home/airflow/.local/lib/python3.6/site-packages/airflow/models/dagbag.py", line 326, in _load_modules_from_file
    loader.exec_module(new_module)
  File "<frozen importlib._bootstrap_external>", line 678, in exec_module
  File "<frozen importlib._bootstrap>", line 219, in _call_with_frames_removed
  File "/opt/airflow/dags/module19_assignment.py", line 24, in <module>
    Start_date = datetime(2017,3,20), catchup = False)
TypeError: __init__() got an unexpected keyword argument 'Start_date'
[2023-05-24 21:41:06,798] {scheduler_job.py:645} WARNING - No viable dags retrieved from /opt/airflow/dags/module19_assignment.py
[2023-05-24 21:41:06,826] {scheduler_job.py:190} INFO - Processing /opt/airflow/dags/module19_assignment.py took 0.074 seconds
[2023-05-24 21:41:28,954] {scheduler_job.py:182} INFO - Started process (PID=984) to work on /opt/airflow/dags/module19_assignment.py
[2023-05-24 21:41:28,960] {scheduler_job.py:633} INFO - Processing file /opt/airflow/dags/module19_assignment.py for tasks to queue
[2023-05-24 21:41:28,963] {logging_mixin.py:104} INFO - [2023-05-24 21:41:28,962] {dagbag.py:496} INFO - Filling up the DagBag from /opt/airflow/dags/module19_assignment.py
[2023-05-24 21:41:28,997] {logging_mixin.py:104} INFO - [2023-05-24 21:41:28,993] {dagbag.py:329} ERROR - Failed to import: /opt/airflow/dags/module19_assignment.py
Traceback (most recent call last):
  File "/home/airflow/.local/lib/python3.6/site-packages/airflow/models/dagbag.py", line 326, in _load_modules_from_file
    loader.exec_module(new_module)
  File "<frozen importlib._bootstrap_external>", line 678, in exec_module
  File "<frozen importlib._bootstrap>", line 219, in _call_with_frames_removed
  File "/opt/airflow/dags/module19_assignment.py", line 24, in <module>
    Start_date = datetime(2017,3,20), catchup = False)
TypeError: __init__() got an unexpected keyword argument 'Start_date'
[2023-05-24 21:41:28,999] {scheduler_job.py:645} WARNING - No viable dags retrieved from /opt/airflow/dags/module19_assignment.py
[2023-05-24 21:41:29,026] {scheduler_job.py:190} INFO - Processing /opt/airflow/dags/module19_assignment.py took 0.085 seconds
[2023-05-24 21:41:59,227] {scheduler_job.py:182} INFO - Started process (PID=1024) to work on /opt/airflow/dags/module19_assignment.py
[2023-05-24 21:41:59,231] {scheduler_job.py:633} INFO - Processing file /opt/airflow/dags/module19_assignment.py for tasks to queue
[2023-05-24 21:41:59,234] {logging_mixin.py:104} INFO - [2023-05-24 21:41:59,233] {dagbag.py:496} INFO - Filling up the DagBag from /opt/airflow/dags/module19_assignment.py
[2023-05-24 21:41:59,265] {logging_mixin.py:104} INFO - [2023-05-24 21:41:59,260] {dagbag.py:329} ERROR - Failed to import: /opt/airflow/dags/module19_assignment.py
Traceback (most recent call last):
  File "/home/airflow/.local/lib/python3.6/site-packages/airflow/models/dagbag.py", line 326, in _load_modules_from_file
    loader.exec_module(new_module)
  File "<frozen importlib._bootstrap_external>", line 678, in exec_module
  File "<frozen importlib._bootstrap>", line 219, in _call_with_frames_removed
  File "/opt/airflow/dags/module19_assignment.py", line 24, in <module>
    Start_date = datetime(2017,3,20), catchup = False)
TypeError: __init__() got an unexpected keyword argument 'Start_date'
[2023-05-24 21:41:59,268] {scheduler_job.py:645} WARNING - No viable dags retrieved from /opt/airflow/dags/module19_assignment.py
[2023-05-24 21:41:59,301] {scheduler_job.py:190} INFO - Processing /opt/airflow/dags/module19_assignment.py took 0.082 seconds
[2023-05-24 21:42:10,357] {scheduler_job.py:182} INFO - Started process (PID=1042) to work on /opt/airflow/dags/module19_assignment.py
[2023-05-24 21:42:10,361] {scheduler_job.py:633} INFO - Processing file /opt/airflow/dags/module19_assignment.py for tasks to queue
[2023-05-24 21:42:10,364] {logging_mixin.py:104} INFO - [2023-05-24 21:42:10,363] {dagbag.py:496} INFO - Filling up the DagBag from /opt/airflow/dags/module19_assignment.py
[2023-05-24 21:42:10,397] {logging_mixin.py:104} INFO - [2023-05-24 21:42:10,393] {dagbag.py:329} ERROR - Failed to import: /opt/airflow/dags/module19_assignment.py
Traceback (most recent call last):
  File "/home/airflow/.local/lib/python3.6/site-packages/airflow/models/dagbag.py", line 326, in _load_modules_from_file
    loader.exec_module(new_module)
  File "<frozen importlib._bootstrap_external>", line 678, in exec_module
  File "<frozen importlib._bootstrap>", line 219, in _call_with_frames_removed
  File "/opt/airflow/dags/module19_assignment.py", line 24, in <module>
    Start_date = datetime(2017,3,20), catchup = False)
TypeError: __init__() got an unexpected keyword argument 'Start_date'
[2023-05-24 21:42:10,400] {scheduler_job.py:645} WARNING - No viable dags retrieved from /opt/airflow/dags/module19_assignment.py
[2023-05-24 21:42:10,432] {scheduler_job.py:190} INFO - Processing /opt/airflow/dags/module19_assignment.py took 0.082 seconds
[2023-05-24 21:42:26,612] {scheduler_job.py:182} INFO - Started process (PID=1047) to work on /opt/airflow/dags/module19_assignment.py
[2023-05-24 21:42:26,616] {scheduler_job.py:633} INFO - Processing file /opt/airflow/dags/module19_assignment.py for tasks to queue
[2023-05-24 21:42:26,619] {logging_mixin.py:104} INFO - [2023-05-24 21:42:26,618] {dagbag.py:496} INFO - Filling up the DagBag from /opt/airflow/dags/module19_assignment.py
[2023-05-24 21:42:26,692] {scheduler_job.py:643} INFO - DAG(s) dict_keys(['python_square_operator']) retrieved from /opt/airflow/dags/module19_assignment.py
[2023-05-24 21:42:49,329] {logging_mixin.py:104} INFO - [2023-05-24 21:42:49,329] {dag.py:1833} INFO - Sync 1 DAGs
[2023-05-24 21:42:49,368] {logging_mixin.py:104} INFO - [2023-05-24 21:42:49,363] {dag.py:1852} INFO - Creating ORM DAG for python_square_operator
[2023-05-24 21:42:49,408] {logging_mixin.py:104} INFO - [2023-05-24 21:42:49,408] {dag.py:2306} INFO - Setting next_dagrun for python_square_operator to 2023-05-23 12:00:00+00:00
[2023-05-24 21:42:49,433] {scheduler_job.py:190} INFO - Processing /opt/airflow/dags/module19_assignment.py took 22.833 seconds
[2023-05-24 21:43:04,917] {scheduler_job.py:182} INFO - Started process (PID=1091) to work on /opt/airflow/dags/module19_assignment.py
[2023-05-24 21:43:04,922] {scheduler_job.py:633} INFO - Processing file /opt/airflow/dags/module19_assignment.py for tasks to queue
[2023-05-24 21:43:04,924] {logging_mixin.py:104} INFO - [2023-05-24 21:43:04,924] {dagbag.py:496} INFO - Filling up the DagBag from /opt/airflow/dags/module19_assignment.py
[2023-05-24 21:43:04,976] {scheduler_job.py:643} INFO - DAG(s) dict_keys(['python_square_operator']) retrieved from /opt/airflow/dags/module19_assignment.py
[2023-05-24 21:43:05,030] {logging_mixin.py:104} INFO - [2023-05-24 21:43:05,029] {dag.py:1833} INFO - Sync 1 DAGs
[2023-05-24 21:43:05,116] {logging_mixin.py:104} INFO - [2023-05-24 21:43:05,115] {dag.py:2306} INFO - Setting next_dagrun for python_square_operator to 2023-05-23 12:00:00+00:00
[2023-05-24 21:43:05,139] {scheduler_job.py:190} INFO - Processing /opt/airflow/dags/module19_assignment.py took 0.230 seconds
[2023-05-24 21:43:35,341] {scheduler_job.py:182} INFO - Started process (PID=1131) to work on /opt/airflow/dags/module19_assignment.py
[2023-05-24 21:43:35,346] {scheduler_job.py:633} INFO - Processing file /opt/airflow/dags/module19_assignment.py for tasks to queue
[2023-05-24 21:43:35,348] {logging_mixin.py:104} INFO - [2023-05-24 21:43:35,348] {dagbag.py:496} INFO - Filling up the DagBag from /opt/airflow/dags/module19_assignment.py
[2023-05-24 21:43:35,397] {scheduler_job.py:643} INFO - DAG(s) dict_keys(['python_square_operator']) retrieved from /opt/airflow/dags/module19_assignment.py
[2023-05-24 21:43:35,456] {logging_mixin.py:104} INFO - [2023-05-24 21:43:35,456] {dag.py:1833} INFO - Sync 1 DAGs
[2023-05-24 21:43:35,524] {logging_mixin.py:104} INFO - [2023-05-24 21:43:35,523] {dag.py:2306} INFO - Setting next_dagrun for python_square_operator to 2023-05-24 12:00:00+00:00
[2023-05-24 21:43:35,544] {scheduler_job.py:190} INFO - Processing /opt/airflow/dags/module19_assignment.py took 0.210 seconds
[2023-05-24 21:44:05,733] {scheduler_job.py:182} INFO - Started process (PID=1162) to work on /opt/airflow/dags/module19_assignment.py
[2023-05-24 21:44:05,737] {scheduler_job.py:633} INFO - Processing file /opt/airflow/dags/module19_assignment.py for tasks to queue
[2023-05-24 21:44:05,739] {logging_mixin.py:104} INFO - [2023-05-24 21:44:05,738] {dagbag.py:496} INFO - Filling up the DagBag from /opt/airflow/dags/module19_assignment.py
[2023-05-24 21:44:05,780] {scheduler_job.py:643} INFO - DAG(s) dict_keys(['python_square_operator']) retrieved from /opt/airflow/dags/module19_assignment.py
[2023-05-24 21:44:05,833] {logging_mixin.py:104} INFO - [2023-05-24 21:44:05,833] {dag.py:1833} INFO - Sync 1 DAGs
[2023-05-24 21:44:05,893] {logging_mixin.py:104} INFO - [2023-05-24 21:44:05,892] {dag.py:2306} INFO - Setting next_dagrun for python_square_operator to 2023-05-24 12:00:00+00:00
[2023-05-24 21:44:05,914] {scheduler_job.py:190} INFO - Processing /opt/airflow/dags/module19_assignment.py took 0.188 seconds
[2023-05-24 21:44:35,980] {scheduler_job.py:182} INFO - Started process (PID=1192) to work on /opt/airflow/dags/module19_assignment.py
[2023-05-24 21:44:35,984] {scheduler_job.py:633} INFO - Processing file /opt/airflow/dags/module19_assignment.py for tasks to queue
[2023-05-24 21:44:35,987] {logging_mixin.py:104} INFO - [2023-05-24 21:44:35,987] {dagbag.py:496} INFO - Filling up the DagBag from /opt/airflow/dags/module19_assignment.py
[2023-05-24 21:44:36,036] {scheduler_job.py:643} INFO - DAG(s) dict_keys(['python_square_operator']) retrieved from /opt/airflow/dags/module19_assignment.py
[2023-05-24 21:44:36,095] {logging_mixin.py:104} INFO - [2023-05-24 21:44:36,095] {dag.py:1833} INFO - Sync 1 DAGs
[2023-05-24 21:44:36,162] {logging_mixin.py:104} INFO - [2023-05-24 21:44:36,161] {dag.py:2306} INFO - Setting next_dagrun for python_square_operator to 2023-05-24 12:00:00+00:00
[2023-05-24 21:44:36,182] {scheduler_job.py:190} INFO - Processing /opt/airflow/dags/module19_assignment.py took 0.209 seconds
[2023-05-24 21:44:50,174] {scheduler_job.py:182} INFO - Started process (PID=1213) to work on /opt/airflow/dags/module19_assignment.py
[2023-05-24 21:44:50,180] {scheduler_job.py:633} INFO - Processing file /opt/airflow/dags/module19_assignment.py for tasks to queue
[2023-05-24 21:44:50,184] {logging_mixin.py:104} INFO - [2023-05-24 21:44:50,183] {dagbag.py:496} INFO - Filling up the DagBag from /opt/airflow/dags/module19_assignment.py
[2023-05-24 21:44:50,199] {logging_mixin.py:104} INFO - [2023-05-24 21:44:50,195] {dagbag.py:329} ERROR - Failed to import: /opt/airflow/dags/module19_assignment.py
Traceback (most recent call last):
  File "/home/airflow/.local/lib/python3.6/site-packages/airflow/models/dagbag.py", line 326, in _load_modules_from_file
    loader.exec_module(new_module)
  File "<frozen importlib._bootstrap_external>", line 674, in exec_module
  File "<frozen importlib._bootstrap_external>", line 781, in get_code
  File "<frozen importlib._bootstrap_external>", line 741, in source_to_code
  File "<frozen importlib._bootstrap>", line 219, in _call_with_frames_removed
  File "/opt/airflow/dags/module19_assignment.py", line 30
    dag=dag,
      ^
SyntaxError: invalid syntax
[2023-05-24 21:44:50,202] {scheduler_job.py:645} WARNING - No viable dags retrieved from /opt/airflow/dags/module19_assignment.py
[2023-05-24 21:44:50,236] {scheduler_job.py:190} INFO - Processing /opt/airflow/dags/module19_assignment.py took 0.068 seconds
[2023-05-24 21:45:06,297] {scheduler_job.py:182} INFO - Started process (PID=1234) to work on /opt/airflow/dags/module19_assignment.py
[2023-05-24 21:45:06,301] {scheduler_job.py:633} INFO - Processing file /opt/airflow/dags/module19_assignment.py for tasks to queue
[2023-05-24 21:45:06,303] {logging_mixin.py:104} INFO - [2023-05-24 21:45:06,303] {dagbag.py:496} INFO - Filling up the DagBag from /opt/airflow/dags/module19_assignment.py
[2023-05-24 21:45:06,352] {scheduler_job.py:643} INFO - DAG(s) dict_keys(['python_square_operator']) retrieved from /opt/airflow/dags/module19_assignment.py
[2023-05-24 21:45:07,169] {logging_mixin.py:104} INFO - [2023-05-24 21:45:07,169] {dag.py:1833} INFO - Sync 1 DAGs
[2023-05-24 21:45:07,228] {logging_mixin.py:104} INFO - [2023-05-24 21:45:07,227] {dag.py:2306} INFO - Setting next_dagrun for python_square_operator to 2023-05-24 12:00:00+00:00
[2023-05-24 21:45:07,257] {scheduler_job.py:190} INFO - Processing /opt/airflow/dags/module19_assignment.py took 0.967 seconds
[2023-05-24 21:45:37,493] {scheduler_job.py:182} INFO - Started process (PID=1255) to work on /opt/airflow/dags/module19_assignment.py
[2023-05-24 21:45:37,496] {scheduler_job.py:633} INFO - Processing file /opt/airflow/dags/module19_assignment.py for tasks to queue
[2023-05-24 21:45:37,499] {logging_mixin.py:104} INFO - [2023-05-24 21:45:37,498] {dagbag.py:496} INFO - Filling up the DagBag from /opt/airflow/dags/module19_assignment.py
[2023-05-24 21:45:37,544] {scheduler_job.py:643} INFO - DAG(s) dict_keys(['python_square_operator']) retrieved from /opt/airflow/dags/module19_assignment.py
[2023-05-24 21:45:37,591] {logging_mixin.py:104} INFO - [2023-05-24 21:45:37,591] {dag.py:1833} INFO - Sync 1 DAGs
[2023-05-24 21:45:37,649] {logging_mixin.py:104} INFO - [2023-05-24 21:45:37,649] {dag.py:2306} INFO - Setting next_dagrun for python_square_operator to 2023-05-24 12:00:00+00:00
[2023-05-24 21:45:37,668] {scheduler_job.py:190} INFO - Processing /opt/airflow/dags/module19_assignment.py took 0.182 seconds
[2023-05-24 21:46:07,799] {scheduler_job.py:182} INFO - Started process (PID=1295) to work on /opt/airflow/dags/module19_assignment.py
[2023-05-24 21:46:07,805] {scheduler_job.py:633} INFO - Processing file /opt/airflow/dags/module19_assignment.py for tasks to queue
[2023-05-24 21:46:07,810] {logging_mixin.py:104} INFO - [2023-05-24 21:46:07,809] {dagbag.py:496} INFO - Filling up the DagBag from /opt/airflow/dags/module19_assignment.py
[2023-05-24 21:46:07,858] {scheduler_job.py:643} INFO - DAG(s) dict_keys(['python_square_operator']) retrieved from /opt/airflow/dags/module19_assignment.py
[2023-05-24 21:46:07,904] {logging_mixin.py:104} INFO - [2023-05-24 21:46:07,904] {dag.py:1833} INFO - Sync 1 DAGs
[2023-05-24 21:46:07,963] {logging_mixin.py:104} INFO - [2023-05-24 21:46:07,963] {dag.py:2306} INFO - Setting next_dagrun for python_square_operator to 2023-05-24 12:00:00+00:00
[2023-05-24 21:46:07,981] {scheduler_job.py:190} INFO - Processing /opt/airflow/dags/module19_assignment.py took 0.196 seconds
[2023-05-24 21:46:38,110] {scheduler_job.py:182} INFO - Started process (PID=1332) to work on /opt/airflow/dags/module19_assignment.py
[2023-05-24 21:46:38,114] {scheduler_job.py:633} INFO - Processing file /opt/airflow/dags/module19_assignment.py for tasks to queue
[2023-05-24 21:46:38,116] {logging_mixin.py:104} INFO - [2023-05-24 21:46:38,116] {dagbag.py:496} INFO - Filling up the DagBag from /opt/airflow/dags/module19_assignment.py
[2023-05-24 21:46:38,160] {scheduler_job.py:643} INFO - DAG(s) dict_keys(['python_square_operator']) retrieved from /opt/airflow/dags/module19_assignment.py
[2023-05-24 21:46:38,211] {logging_mixin.py:104} INFO - [2023-05-24 21:46:38,210] {dag.py:1833} INFO - Sync 1 DAGs
[2023-05-24 21:46:38,271] {logging_mixin.py:104} INFO - [2023-05-24 21:46:38,271] {dag.py:2306} INFO - Setting next_dagrun for python_square_operator to 2023-05-24 12:00:00+00:00
[2023-05-24 21:46:38,291] {scheduler_job.py:190} INFO - Processing /opt/airflow/dags/module19_assignment.py took 0.187 seconds
[2023-05-24 21:47:08,599] {scheduler_job.py:182} INFO - Started process (PID=1357) to work on /opt/airflow/dags/module19_assignment.py
[2023-05-24 21:47:08,605] {scheduler_job.py:633} INFO - Processing file /opt/airflow/dags/module19_assignment.py for tasks to queue
[2023-05-24 21:47:08,608] {logging_mixin.py:104} INFO - [2023-05-24 21:47:08,608] {dagbag.py:496} INFO - Filling up the DagBag from /opt/airflow/dags/module19_assignment.py
[2023-05-24 21:47:08,656] {scheduler_job.py:643} INFO - DAG(s) dict_keys(['python_square_operator']) retrieved from /opt/airflow/dags/module19_assignment.py
[2023-05-24 21:47:08,704] {logging_mixin.py:104} INFO - [2023-05-24 21:47:08,703] {dag.py:1833} INFO - Sync 1 DAGs
[2023-05-24 21:47:08,762] {logging_mixin.py:104} INFO - [2023-05-24 21:47:08,762] {dag.py:2306} INFO - Setting next_dagrun for python_square_operator to 2023-05-24 12:00:00+00:00
[2023-05-24 21:47:08,780] {scheduler_job.py:190} INFO - Processing /opt/airflow/dags/module19_assignment.py took 0.194 seconds
[2023-05-24 21:47:38,854] {scheduler_job.py:182} INFO - Started process (PID=1397) to work on /opt/airflow/dags/module19_assignment.py
[2023-05-24 21:47:38,858] {scheduler_job.py:633} INFO - Processing file /opt/airflow/dags/module19_assignment.py for tasks to queue
[2023-05-24 21:47:38,864] {logging_mixin.py:104} INFO - [2023-05-24 21:47:38,864] {dagbag.py:496} INFO - Filling up the DagBag from /opt/airflow/dags/module19_assignment.py
[2023-05-24 21:47:38,919] {scheduler_job.py:643} INFO - DAG(s) dict_keys(['python_square_operator']) retrieved from /opt/airflow/dags/module19_assignment.py
[2023-05-24 21:47:38,974] {logging_mixin.py:104} INFO - [2023-05-24 21:47:38,973] {dag.py:1833} INFO - Sync 1 DAGs
[2023-05-24 21:47:39,035] {logging_mixin.py:104} INFO - [2023-05-24 21:47:39,035] {dag.py:2306} INFO - Setting next_dagrun for python_square_operator to 2023-05-24 12:00:00+00:00
[2023-05-24 21:47:39,060] {scheduler_job.py:190} INFO - Processing /opt/airflow/dags/module19_assignment.py took 0.212 seconds
[2023-05-24 21:47:54,167] {scheduler_job.py:182} INFO - Started process (PID=1415) to work on /opt/airflow/dags/module19_assignment.py
[2023-05-24 21:47:54,174] {scheduler_job.py:633} INFO - Processing file /opt/airflow/dags/module19_assignment.py for tasks to queue
[2023-05-24 21:47:54,176] {logging_mixin.py:104} INFO - [2023-05-24 21:47:54,176] {dagbag.py:496} INFO - Filling up the DagBag from /opt/airflow/dags/module19_assignment.py
[2023-05-24 21:47:54,234] {scheduler_job.py:643} INFO - DAG(s) dict_keys(['python_square_operator']) retrieved from /opt/airflow/dags/module19_assignment.py
[2023-05-24 21:47:54,287] {logging_mixin.py:104} INFO - [2023-05-24 21:47:54,286] {dag.py:1833} INFO - Sync 1 DAGs
[2023-05-24 21:47:54,353] {logging_mixin.py:104} INFO - [2023-05-24 21:47:54,353] {dag.py:2306} INFO - Setting next_dagrun for python_square_operator to 2023-05-24 12:00:00+00:00
[2023-05-24 21:47:54,380] {scheduler_job.py:190} INFO - Processing /opt/airflow/dags/module19_assignment.py took 0.221 seconds
[2023-05-24 21:48:24,548] {scheduler_job.py:182} INFO - Started process (PID=1439) to work on /opt/airflow/dags/module19_assignment.py
[2023-05-24 21:48:24,551] {scheduler_job.py:633} INFO - Processing file /opt/airflow/dags/module19_assignment.py for tasks to queue
[2023-05-24 21:48:24,553] {logging_mixin.py:104} INFO - [2023-05-24 21:48:24,553] {dagbag.py:496} INFO - Filling up the DagBag from /opt/airflow/dags/module19_assignment.py
[2023-05-24 21:48:24,593] {scheduler_job.py:643} INFO - DAG(s) dict_keys(['python_square_operator']) retrieved from /opt/airflow/dags/module19_assignment.py
[2023-05-24 21:48:24,638] {logging_mixin.py:104} INFO - [2023-05-24 21:48:24,637] {dag.py:1833} INFO - Sync 1 DAGs
[2023-05-24 21:48:24,693] {logging_mixin.py:104} INFO - [2023-05-24 21:48:24,692] {dag.py:2306} INFO - Setting next_dagrun for python_square_operator to 2023-05-24 12:00:00+00:00
[2023-05-24 21:48:24,710] {scheduler_job.py:190} INFO - Processing /opt/airflow/dags/module19_assignment.py took 0.168 seconds
[2023-05-24 21:48:54,787] {scheduler_job.py:182} INFO - Started process (PID=1479) to work on /opt/airflow/dags/module19_assignment.py
[2023-05-24 21:48:54,791] {scheduler_job.py:633} INFO - Processing file /opt/airflow/dags/module19_assignment.py for tasks to queue
[2023-05-24 21:48:54,793] {logging_mixin.py:104} INFO - [2023-05-24 21:48:54,792] {dagbag.py:496} INFO - Filling up the DagBag from /opt/airflow/dags/module19_assignment.py
[2023-05-24 21:48:54,838] {scheduler_job.py:643} INFO - DAG(s) dict_keys(['python_square_operator']) retrieved from /opt/airflow/dags/module19_assignment.py
[2023-05-24 21:48:54,887] {logging_mixin.py:104} INFO - [2023-05-24 21:48:54,886] {dag.py:1833} INFO - Sync 1 DAGs
[2023-05-24 21:48:54,949] {logging_mixin.py:104} INFO - [2023-05-24 21:48:54,948] {dag.py:2306} INFO - Setting next_dagrun for python_square_operator to 2023-05-24 12:00:00+00:00
[2023-05-24 21:48:54,968] {scheduler_job.py:190} INFO - Processing /opt/airflow/dags/module19_assignment.py took 0.188 seconds
[2023-05-24 21:49:25,171] {scheduler_job.py:182} INFO - Started process (PID=1510) to work on /opt/airflow/dags/module19_assignment.py
[2023-05-24 21:49:25,181] {scheduler_job.py:633} INFO - Processing file /opt/airflow/dags/module19_assignment.py for tasks to queue
[2023-05-24 21:49:25,183] {logging_mixin.py:104} INFO - [2023-05-24 21:49:25,183] {dagbag.py:496} INFO - Filling up the DagBag from /opt/airflow/dags/module19_assignment.py
[2023-05-24 21:49:25,227] {scheduler_job.py:643} INFO - DAG(s) dict_keys(['python_square_operator']) retrieved from /opt/airflow/dags/module19_assignment.py
[2023-05-24 21:49:25,279] {logging_mixin.py:104} INFO - [2023-05-24 21:49:25,278] {dag.py:1833} INFO - Sync 1 DAGs
[2023-05-24 21:49:25,344] {logging_mixin.py:104} INFO - [2023-05-24 21:49:25,343] {dag.py:2306} INFO - Setting next_dagrun for python_square_operator to 2023-05-24 12:00:00+00:00
[2023-05-24 21:49:25,363] {scheduler_job.py:190} INFO - Processing /opt/airflow/dags/module19_assignment.py took 0.199 seconds
[2023-05-24 21:49:55,516] {scheduler_job.py:182} INFO - Started process (PID=1540) to work on /opt/airflow/dags/module19_assignment.py
[2023-05-24 21:49:55,521] {scheduler_job.py:633} INFO - Processing file /opt/airflow/dags/module19_assignment.py for tasks to queue
[2023-05-24 21:49:55,524] {logging_mixin.py:104} INFO - [2023-05-24 21:49:55,523] {dagbag.py:496} INFO - Filling up the DagBag from /opt/airflow/dags/module19_assignment.py
[2023-05-24 21:49:55,572] {scheduler_job.py:643} INFO - DAG(s) dict_keys(['python_square_operator']) retrieved from /opt/airflow/dags/module19_assignment.py
[2023-05-24 21:49:55,624] {logging_mixin.py:104} INFO - [2023-05-24 21:49:55,624] {dag.py:1833} INFO - Sync 1 DAGs
[2023-05-24 21:49:55,687] {logging_mixin.py:104} INFO - [2023-05-24 21:49:55,686] {dag.py:2306} INFO - Setting next_dagrun for python_square_operator to 2023-05-24 12:00:00+00:00
[2023-05-24 21:49:55,707] {scheduler_job.py:190} INFO - Processing /opt/airflow/dags/module19_assignment.py took 0.199 seconds
[2023-05-24 21:50:25,761] {scheduler_job.py:182} INFO - Started process (PID=1579) to work on /opt/airflow/dags/module19_assignment.py
[2023-05-24 21:50:25,765] {scheduler_job.py:633} INFO - Processing file /opt/airflow/dags/module19_assignment.py for tasks to queue
[2023-05-24 21:50:25,768] {logging_mixin.py:104} INFO - [2023-05-24 21:50:25,768] {dagbag.py:496} INFO - Filling up the DagBag from /opt/airflow/dags/module19_assignment.py
[2023-05-24 21:50:25,823] {scheduler_job.py:643} INFO - DAG(s) dict_keys(['python_square_operator']) retrieved from /opt/airflow/dags/module19_assignment.py
[2023-05-24 21:50:25,895] {logging_mixin.py:104} INFO - [2023-05-24 21:50:25,894] {dag.py:1833} INFO - Sync 1 DAGs
[2023-05-24 21:50:25,969] {logging_mixin.py:104} INFO - [2023-05-24 21:50:25,969] {dag.py:2306} INFO - Setting next_dagrun for python_square_operator to 2023-05-24 12:00:00+00:00
[2023-05-24 21:50:25,994] {scheduler_job.py:190} INFO - Processing /opt/airflow/dags/module19_assignment.py took 0.246 seconds
[2023-05-24 21:50:56,152] {scheduler_job.py:182} INFO - Started process (PID=1600) to work on /opt/airflow/dags/module19_assignment.py
[2023-05-24 21:50:56,161] {scheduler_job.py:633} INFO - Processing file /opt/airflow/dags/module19_assignment.py for tasks to queue
[2023-05-24 21:50:56,166] {logging_mixin.py:104} INFO - [2023-05-24 21:50:56,165] {dagbag.py:496} INFO - Filling up the DagBag from /opt/airflow/dags/module19_assignment.py
[2023-05-24 21:50:56,217] {scheduler_job.py:643} INFO - DAG(s) dict_keys(['python_square_operator']) retrieved from /opt/airflow/dags/module19_assignment.py
[2023-05-24 21:50:56,265] {logging_mixin.py:104} INFO - [2023-05-24 21:50:56,265] {dag.py:1833} INFO - Sync 1 DAGs
[2023-05-24 21:50:56,324] {logging_mixin.py:104} INFO - [2023-05-24 21:50:56,323] {dag.py:2306} INFO - Setting next_dagrun for python_square_operator to 2023-05-24 12:00:00+00:00
[2023-05-24 21:50:56,343] {scheduler_job.py:190} INFO - Processing /opt/airflow/dags/module19_assignment.py took 0.199 seconds
[2023-05-24 21:51:11,321] {scheduler_job.py:182} INFO - Started process (PID=1621) to work on /opt/airflow/dags/module19_assignment.py
[2023-05-24 21:51:11,327] {scheduler_job.py:633} INFO - Processing file /opt/airflow/dags/module19_assignment.py for tasks to queue
[2023-05-24 21:51:11,331] {logging_mixin.py:104} INFO - [2023-05-24 21:51:11,330] {dagbag.py:496} INFO - Filling up the DagBag from /opt/airflow/dags/module19_assignment.py
[2023-05-24 21:51:11,382] {scheduler_job.py:643} INFO - DAG(s) dict_keys(['python_square_operator']) retrieved from /opt/airflow/dags/module19_assignment.py
[2023-05-24 21:51:12,207] {logging_mixin.py:104} INFO - [2023-05-24 21:51:12,207] {dag.py:1833} INFO - Sync 1 DAGs
[2023-05-24 21:51:12,264] {logging_mixin.py:104} INFO - [2023-05-24 21:51:12,263] {dag.py:2306} INFO - Setting next_dagrun for python_square_operator to 2023-05-24 12:00:00+00:00
[2023-05-24 21:51:12,293] {scheduler_job.py:190} INFO - Processing /opt/airflow/dags/module19_assignment.py took 0.981 seconds
[2023-05-24 21:51:42,619] {scheduler_job.py:182} INFO - Started process (PID=1662) to work on /opt/airflow/dags/module19_assignment.py
[2023-05-24 21:51:42,623] {scheduler_job.py:633} INFO - Processing file /opt/airflow/dags/module19_assignment.py for tasks to queue
[2023-05-24 21:51:42,626] {logging_mixin.py:104} INFO - [2023-05-24 21:51:42,625] {dagbag.py:496} INFO - Filling up the DagBag from /opt/airflow/dags/module19_assignment.py
[2023-05-24 21:51:42,676] {scheduler_job.py:643} INFO - DAG(s) dict_keys(['python_square_operator']) retrieved from /opt/airflow/dags/module19_assignment.py
[2023-05-24 21:51:42,736] {logging_mixin.py:104} INFO - [2023-05-24 21:51:42,736] {dag.py:1833} INFO - Sync 1 DAGs
[2023-05-24 21:51:42,805] {logging_mixin.py:104} INFO - [2023-05-24 21:51:42,805] {dag.py:2306} INFO - Setting next_dagrun for python_square_operator to 2023-05-24 12:00:00+00:00
[2023-05-24 21:51:42,827] {scheduler_job.py:190} INFO - Processing /opt/airflow/dags/module19_assignment.py took 0.215 seconds
[2023-05-24 21:52:12,958] {scheduler_job.py:182} INFO - Started process (PID=1683) to work on /opt/airflow/dags/module19_assignment.py
[2023-05-24 21:52:12,963] {scheduler_job.py:633} INFO - Processing file /opt/airflow/dags/module19_assignment.py for tasks to queue
[2023-05-24 21:52:12,965] {logging_mixin.py:104} INFO - [2023-05-24 21:52:12,964] {dagbag.py:496} INFO - Filling up the DagBag from /opt/airflow/dags/module19_assignment.py
[2023-05-24 21:52:13,004] {scheduler_job.py:643} INFO - DAG(s) dict_keys(['python_square_operator']) retrieved from /opt/airflow/dags/module19_assignment.py
[2023-05-24 21:52:13,054] {logging_mixin.py:104} INFO - [2023-05-24 21:52:13,054] {dag.py:1833} INFO - Sync 1 DAGs
[2023-05-24 21:52:13,114] {logging_mixin.py:104} INFO - [2023-05-24 21:52:13,114] {dag.py:2306} INFO - Setting next_dagrun for python_square_operator to 2023-05-24 12:00:00+00:00
[2023-05-24 21:52:13,134] {scheduler_job.py:190} INFO - Processing /opt/airflow/dags/module19_assignment.py took 0.183 seconds
