[2023-05-24 03:31:30,062] {scheduler_job.py:182} INFO - Started process (PID=222) to work on /opt/airflow/dags/SampleDAG.py
[2023-05-24 03:31:30,073] {scheduler_job.py:633} INFO - Processing file /opt/airflow/dags/SampleDAG.py for tasks to queue
[2023-05-24 03:31:30,079] {logging_mixin.py:104} INFO - [2023-05-24 03:31:30,079] {dagbag.py:496} INFO - Filling up the DagBag from /opt/airflow/dags/SampleDAG.py
[2023-05-24 03:31:30,290] {scheduler_job.py:643} INFO - DAG(s) dict_keys(['hello_world']) retrieved from /opt/airflow/dags/SampleDAG.py
[2023-05-24 03:32:21,109] {scheduler_job.py:182} INFO - Started process (PID=269) to work on /opt/airflow/dags/SampleDAG.py
[2023-05-24 03:32:21,121] {scheduler_job.py:633} INFO - Processing file /opt/airflow/dags/SampleDAG.py for tasks to queue
[2023-05-24 03:32:21,128] {logging_mixin.py:104} INFO - [2023-05-24 03:32:21,128] {dagbag.py:496} INFO - Filling up the DagBag from /opt/airflow/dags/SampleDAG.py
[2023-05-24 03:32:21,281] {scheduler_job.py:643} INFO - DAG(s) dict_keys(['hello_world']) retrieved from /opt/airflow/dags/SampleDAG.py
[2023-05-24 03:32:41,963] {logging_mixin.py:104} INFO - [2023-05-24 03:32:41,962] {dag.py:1833} INFO - Sync 1 DAGs
[2023-05-24 03:32:42,014] {logging_mixin.py:104} INFO - [2023-05-24 03:32:42,009] {dag.py:1852} INFO - Creating ORM DAG for hello_world
[2023-05-24 03:32:42,073] {logging_mixin.py:104} INFO - [2023-05-24 03:32:42,072] {dag.py:2306} INFO - Setting next_dagrun for hello_world to 2023-05-22 12:00:00+00:00
[2023-05-24 03:32:42,116] {scheduler_job.py:190} INFO - Processing /opt/airflow/dags/SampleDAG.py took 21.031 seconds
[2023-05-24 03:33:12,427] {scheduler_job.py:182} INFO - Started process (PID=332) to work on /opt/airflow/dags/SampleDAG.py
[2023-05-24 03:33:12,434] {scheduler_job.py:633} INFO - Processing file /opt/airflow/dags/SampleDAG.py for tasks to queue
[2023-05-24 03:33:12,437] {logging_mixin.py:104} INFO - [2023-05-24 03:33:12,436] {dagbag.py:496} INFO - Filling up the DagBag from /opt/airflow/dags/SampleDAG.py
[2023-05-24 03:33:12,498] {scheduler_job.py:643} INFO - DAG(s) dict_keys(['hello_world']) retrieved from /opt/airflow/dags/SampleDAG.py
[2023-05-24 03:33:12,548] {logging_mixin.py:104} INFO - [2023-05-24 03:33:12,548] {dag.py:1833} INFO - Sync 1 DAGs
[2023-05-24 03:33:12,604] {logging_mixin.py:104} INFO - [2023-05-24 03:33:12,604] {dag.py:2306} INFO - Setting next_dagrun for hello_world to 2023-05-22 12:00:00+00:00
[2023-05-24 03:33:12,623] {scheduler_job.py:190} INFO - Processing /opt/airflow/dags/SampleDAG.py took 0.203 seconds
[2023-05-24 03:33:42,705] {scheduler_job.py:182} INFO - Started process (PID=369) to work on /opt/airflow/dags/SampleDAG.py
[2023-05-24 03:33:42,708] {scheduler_job.py:633} INFO - Processing file /opt/airflow/dags/SampleDAG.py for tasks to queue
[2023-05-24 03:33:42,710] {logging_mixin.py:104} INFO - [2023-05-24 03:33:42,710] {dagbag.py:496} INFO - Filling up the DagBag from /opt/airflow/dags/SampleDAG.py
[2023-05-24 03:33:42,758] {scheduler_job.py:643} INFO - DAG(s) dict_keys(['hello_world']) retrieved from /opt/airflow/dags/SampleDAG.py
[2023-05-24 03:33:42,809] {logging_mixin.py:104} INFO - [2023-05-24 03:33:42,809] {dag.py:1833} INFO - Sync 1 DAGs
[2023-05-24 03:33:42,869] {logging_mixin.py:104} INFO - [2023-05-24 03:33:42,869] {dag.py:2306} INFO - Setting next_dagrun for hello_world to 2023-05-22 12:00:00+00:00
[2023-05-24 03:33:42,893] {scheduler_job.py:190} INFO - Processing /opt/airflow/dags/SampleDAG.py took 0.195 seconds
[2023-05-24 03:34:13,073] {scheduler_job.py:182} INFO - Started process (PID=394) to work on /opt/airflow/dags/SampleDAG.py
[2023-05-24 03:34:13,076] {scheduler_job.py:633} INFO - Processing file /opt/airflow/dags/SampleDAG.py for tasks to queue
[2023-05-24 03:34:13,078] {logging_mixin.py:104} INFO - [2023-05-24 03:34:13,078] {dagbag.py:496} INFO - Filling up the DagBag from /opt/airflow/dags/SampleDAG.py
[2023-05-24 03:34:13,131] {scheduler_job.py:643} INFO - DAG(s) dict_keys(['hello_world']) retrieved from /opt/airflow/dags/SampleDAG.py
[2023-05-24 03:34:13,181] {logging_mixin.py:104} INFO - [2023-05-24 03:34:13,181] {dag.py:1833} INFO - Sync 1 DAGs
[2023-05-24 03:34:13,239] {logging_mixin.py:104} INFO - [2023-05-24 03:34:13,238] {dag.py:2306} INFO - Setting next_dagrun for hello_world to 2023-05-22 12:00:00+00:00
[2023-05-24 03:34:13,258] {scheduler_job.py:190} INFO - Processing /opt/airflow/dags/SampleDAG.py took 0.193 seconds
[2023-05-24 03:34:43,309] {scheduler_job.py:182} INFO - Started process (PID=434) to work on /opt/airflow/dags/SampleDAG.py
[2023-05-24 03:34:43,312] {scheduler_job.py:633} INFO - Processing file /opt/airflow/dags/SampleDAG.py for tasks to queue
[2023-05-24 03:34:43,315] {logging_mixin.py:104} INFO - [2023-05-24 03:34:43,314] {dagbag.py:496} INFO - Filling up the DagBag from /opt/airflow/dags/SampleDAG.py
[2023-05-24 03:34:43,365] {scheduler_job.py:643} INFO - DAG(s) dict_keys(['hello_world']) retrieved from /opt/airflow/dags/SampleDAG.py
[2023-05-24 03:34:43,424] {logging_mixin.py:104} INFO - [2023-05-24 03:34:43,424] {dag.py:1833} INFO - Sync 1 DAGs
[2023-05-24 03:34:43,486] {logging_mixin.py:104} INFO - [2023-05-24 03:34:43,485] {dag.py:2306} INFO - Setting next_dagrun for hello_world to 2023-05-22 12:00:00+00:00
[2023-05-24 03:34:43,508] {scheduler_job.py:190} INFO - Processing /opt/airflow/dags/SampleDAG.py took 0.207 seconds
[2023-05-24 03:35:13,670] {scheduler_job.py:182} INFO - Started process (PID=455) to work on /opt/airflow/dags/SampleDAG.py
[2023-05-24 03:35:13,674] {scheduler_job.py:633} INFO - Processing file /opt/airflow/dags/SampleDAG.py for tasks to queue
[2023-05-24 03:35:13,676] {logging_mixin.py:104} INFO - [2023-05-24 03:35:13,676] {dagbag.py:496} INFO - Filling up the DagBag from /opt/airflow/dags/SampleDAG.py
[2023-05-24 03:35:13,719] {scheduler_job.py:643} INFO - DAG(s) dict_keys(['hello_world']) retrieved from /opt/airflow/dags/SampleDAG.py
[2023-05-24 03:35:13,769] {logging_mixin.py:104} INFO - [2023-05-24 03:35:13,768] {dag.py:1833} INFO - Sync 1 DAGs
[2023-05-24 03:35:13,818] {logging_mixin.py:104} INFO - [2023-05-24 03:35:13,818] {dag.py:2306} INFO - Setting next_dagrun for hello_world to 2023-05-23 12:00:00+00:00
[2023-05-24 03:35:13,840] {scheduler_job.py:190} INFO - Processing /opt/airflow/dags/SampleDAG.py took 0.178 seconds
[2023-05-24 03:35:43,888] {scheduler_job.py:182} INFO - Started process (PID=495) to work on /opt/airflow/dags/SampleDAG.py
[2023-05-24 03:35:43,891] {scheduler_job.py:633} INFO - Processing file /opt/airflow/dags/SampleDAG.py for tasks to queue
[2023-05-24 03:35:43,893] {logging_mixin.py:104} INFO - [2023-05-24 03:35:43,893] {dagbag.py:496} INFO - Filling up the DagBag from /opt/airflow/dags/SampleDAG.py
[2023-05-24 03:35:43,936] {scheduler_job.py:643} INFO - DAG(s) dict_keys(['hello_world']) retrieved from /opt/airflow/dags/SampleDAG.py
[2023-05-24 03:35:43,984] {logging_mixin.py:104} INFO - [2023-05-24 03:35:43,983] {dag.py:1833} INFO - Sync 1 DAGs
[2023-05-24 03:35:44,031] {logging_mixin.py:104} INFO - [2023-05-24 03:35:44,031] {dag.py:2306} INFO - Setting next_dagrun for hello_world to 2023-05-23 12:00:00+00:00
[2023-05-24 03:35:44,049] {scheduler_job.py:190} INFO - Processing /opt/airflow/dags/SampleDAG.py took 0.168 seconds
[2023-05-24 03:36:14,223] {scheduler_job.py:182} INFO - Started process (PID=533) to work on /opt/airflow/dags/SampleDAG.py
[2023-05-24 03:36:14,228] {scheduler_job.py:633} INFO - Processing file /opt/airflow/dags/SampleDAG.py for tasks to queue
[2023-05-24 03:36:14,231] {logging_mixin.py:104} INFO - [2023-05-24 03:36:14,230] {dagbag.py:496} INFO - Filling up the DagBag from /opt/airflow/dags/SampleDAG.py
[2023-05-24 03:36:14,287] {scheduler_job.py:643} INFO - DAG(s) dict_keys(['hello_world']) retrieved from /opt/airflow/dags/SampleDAG.py
[2023-05-24 03:36:14,348] {logging_mixin.py:104} INFO - [2023-05-24 03:36:14,348] {dag.py:1833} INFO - Sync 1 DAGs
[2023-05-24 03:36:14,411] {logging_mixin.py:104} INFO - [2023-05-24 03:36:14,411] {dag.py:2306} INFO - Setting next_dagrun for hello_world to 2023-05-23 12:00:00+00:00
[2023-05-24 03:36:14,436] {scheduler_job.py:190} INFO - Processing /opt/airflow/dags/SampleDAG.py took 0.221 seconds
[2023-05-24 03:36:44,492] {scheduler_job.py:182} INFO - Started process (PID=557) to work on /opt/airflow/dags/SampleDAG.py
[2023-05-24 03:36:44,496] {scheduler_job.py:633} INFO - Processing file /opt/airflow/dags/SampleDAG.py for tasks to queue
[2023-05-24 03:36:44,498] {logging_mixin.py:104} INFO - [2023-05-24 03:36:44,498] {dagbag.py:496} INFO - Filling up the DagBag from /opt/airflow/dags/SampleDAG.py
[2023-05-24 03:36:44,543] {scheduler_job.py:643} INFO - DAG(s) dict_keys(['hello_world']) retrieved from /opt/airflow/dags/SampleDAG.py
[2023-05-24 03:36:44,594] {logging_mixin.py:104} INFO - [2023-05-24 03:36:44,593] {dag.py:1833} INFO - Sync 1 DAGs
[2023-05-24 03:36:44,643] {logging_mixin.py:104} INFO - [2023-05-24 03:36:44,642] {dag.py:2306} INFO - Setting next_dagrun for hello_world to 2023-05-23 12:00:00+00:00
[2023-05-24 03:36:44,663] {scheduler_job.py:190} INFO - Processing /opt/airflow/dags/SampleDAG.py took 0.178 seconds
[2023-05-24 03:37:14,904] {scheduler_job.py:182} INFO - Started process (PID=597) to work on /opt/airflow/dags/SampleDAG.py
[2023-05-24 03:37:14,909] {scheduler_job.py:633} INFO - Processing file /opt/airflow/dags/SampleDAG.py for tasks to queue
[2023-05-24 03:37:14,913] {logging_mixin.py:104} INFO - [2023-05-24 03:37:14,912] {dagbag.py:496} INFO - Filling up the DagBag from /opt/airflow/dags/SampleDAG.py
[2023-05-24 03:37:14,979] {scheduler_job.py:643} INFO - DAG(s) dict_keys(['hello_world']) retrieved from /opt/airflow/dags/SampleDAG.py
[2023-05-24 03:37:15,040] {logging_mixin.py:104} INFO - [2023-05-24 03:37:15,039] {dag.py:1833} INFO - Sync 1 DAGs
[2023-05-24 03:37:15,106] {logging_mixin.py:104} INFO - [2023-05-24 03:37:15,106] {dag.py:2306} INFO - Setting next_dagrun for hello_world to 2023-05-23 12:00:00+00:00
[2023-05-24 03:37:15,130] {scheduler_job.py:190} INFO - Processing /opt/airflow/dags/SampleDAG.py took 0.238 seconds
[2023-05-24 03:37:45,220] {scheduler_job.py:182} INFO - Started process (PID=618) to work on /opt/airflow/dags/SampleDAG.py
[2023-05-24 03:37:45,224] {scheduler_job.py:633} INFO - Processing file /opt/airflow/dags/SampleDAG.py for tasks to queue
[2023-05-24 03:37:45,226] {logging_mixin.py:104} INFO - [2023-05-24 03:37:45,225] {dagbag.py:496} INFO - Filling up the DagBag from /opt/airflow/dags/SampleDAG.py
[2023-05-24 03:37:45,268] {scheduler_job.py:643} INFO - DAG(s) dict_keys(['hello_world']) retrieved from /opt/airflow/dags/SampleDAG.py
[2023-05-24 03:37:45,318] {logging_mixin.py:104} INFO - [2023-05-24 03:37:45,318] {dag.py:1833} INFO - Sync 1 DAGs
[2023-05-24 03:37:45,366] {logging_mixin.py:104} INFO - [2023-05-24 03:37:45,365] {dag.py:2306} INFO - Setting next_dagrun for hello_world to 2023-05-23 12:00:00+00:00
[2023-05-24 03:37:45,385] {scheduler_job.py:190} INFO - Processing /opt/airflow/dags/SampleDAG.py took 0.172 seconds
[2023-05-24 03:38:15,602] {scheduler_job.py:182} INFO - Started process (PID=658) to work on /opt/airflow/dags/SampleDAG.py
[2023-05-24 03:38:15,605] {scheduler_job.py:633} INFO - Processing file /opt/airflow/dags/SampleDAG.py for tasks to queue
[2023-05-24 03:38:15,607] {logging_mixin.py:104} INFO - [2023-05-24 03:38:15,607] {dagbag.py:496} INFO - Filling up the DagBag from /opt/airflow/dags/SampleDAG.py
[2023-05-24 03:38:15,646] {scheduler_job.py:643} INFO - DAG(s) dict_keys(['hello_world']) retrieved from /opt/airflow/dags/SampleDAG.py
[2023-05-24 03:38:15,691] {logging_mixin.py:104} INFO - [2023-05-24 03:38:15,690] {dag.py:1833} INFO - Sync 1 DAGs
[2023-05-24 03:38:15,735] {logging_mixin.py:104} INFO - [2023-05-24 03:38:15,735] {dag.py:2306} INFO - Setting next_dagrun for hello_world to 2023-05-23 12:00:00+00:00
[2023-05-24 03:38:15,752] {scheduler_job.py:190} INFO - Processing /opt/airflow/dags/SampleDAG.py took 0.156 seconds
[2023-05-24 03:38:45,886] {scheduler_job.py:182} INFO - Started process (PID=698) to work on /opt/airflow/dags/SampleDAG.py
[2023-05-24 03:38:45,889] {scheduler_job.py:633} INFO - Processing file /opt/airflow/dags/SampleDAG.py for tasks to queue
[2023-05-24 03:38:45,891] {logging_mixin.py:104} INFO - [2023-05-24 03:38:45,891] {dagbag.py:496} INFO - Filling up the DagBag from /opt/airflow/dags/SampleDAG.py
[2023-05-24 03:38:45,936] {scheduler_job.py:643} INFO - DAG(s) dict_keys(['hello_world']) retrieved from /opt/airflow/dags/SampleDAG.py
[2023-05-24 03:38:45,987] {logging_mixin.py:104} INFO - [2023-05-24 03:38:45,986] {dag.py:1833} INFO - Sync 1 DAGs
[2023-05-24 03:38:46,036] {logging_mixin.py:104} INFO - [2023-05-24 03:38:46,035] {dag.py:2306} INFO - Setting next_dagrun for hello_world to 2023-05-23 12:00:00+00:00
[2023-05-24 03:38:46,056] {scheduler_job.py:190} INFO - Processing /opt/airflow/dags/SampleDAG.py took 0.177 seconds
[2023-05-24 03:39:16,255] {scheduler_job.py:182} INFO - Started process (PID=719) to work on /opt/airflow/dags/SampleDAG.py
[2023-05-24 03:39:16,259] {scheduler_job.py:633} INFO - Processing file /opt/airflow/dags/SampleDAG.py for tasks to queue
[2023-05-24 03:39:16,261] {logging_mixin.py:104} INFO - [2023-05-24 03:39:16,260] {dagbag.py:496} INFO - Filling up the DagBag from /opt/airflow/dags/SampleDAG.py
[2023-05-24 03:39:16,304] {scheduler_job.py:643} INFO - DAG(s) dict_keys(['hello_world']) retrieved from /opt/airflow/dags/SampleDAG.py
[2023-05-24 03:39:16,354] {logging_mixin.py:104} INFO - [2023-05-24 03:39:16,353] {dag.py:1833} INFO - Sync 1 DAGs
[2023-05-24 03:39:16,403] {logging_mixin.py:104} INFO - [2023-05-24 03:39:16,403] {dag.py:2306} INFO - Setting next_dagrun for hello_world to 2023-05-23 12:00:00+00:00
[2023-05-24 03:39:16,422] {scheduler_job.py:190} INFO - Processing /opt/airflow/dags/SampleDAG.py took 0.174 seconds
