[2023-06-21 19:52:48,905] {scheduler_job.py:182} INFO - Started process (PID=159) to work on /opt/airflow/dags/module19_assignment.py
[2023-06-21 19:52:48,920] {scheduler_job.py:633} INFO - Processing file /opt/airflow/dags/module19_assignment.py for tasks to queue
[2023-06-21 19:52:48,927] {logging_mixin.py:104} INFO - [2023-06-21 19:52:48,926] {dagbag.py:496} INFO - Filling up the DagBag from /opt/airflow/dags/module19_assignment.py
[2023-06-21 19:52:49,031] {scheduler_job.py:643} INFO - DAG(s) dict_keys(['python_square_operator']) retrieved from /opt/airflow/dags/module19_assignment.py
[2023-06-21 19:52:49,156] {logging_mixin.py:104} INFO - [2023-06-21 19:52:49,155] {dag.py:1833} INFO - Sync 1 DAGs
[2023-06-21 19:52:49,392] {logging_mixin.py:104} INFO - [2023-06-21 19:52:49,392] {dag.py:2306} INFO - Setting next_dagrun for python_square_operator to 2023-06-20 12:00:00+00:00
[2023-06-21 19:52:49,489] {scheduler_job.py:190} INFO - Processing /opt/airflow/dags/module19_assignment.py took 0.597 seconds
[2023-06-21 19:53:19,812] {scheduler_job.py:182} INFO - Started process (PID=188) to work on /opt/airflow/dags/module19_assignment.py
[2023-06-21 19:53:19,826] {scheduler_job.py:633} INFO - Processing file /opt/airflow/dags/module19_assignment.py for tasks to queue
[2023-06-21 19:53:19,835] {logging_mixin.py:104} INFO - [2023-06-21 19:53:19,834] {dagbag.py:496} INFO - Filling up the DagBag from /opt/airflow/dags/module19_assignment.py
[2023-06-21 19:53:19,978] {scheduler_job.py:643} INFO - DAG(s) dict_keys(['python_square_operator']) retrieved from /opt/airflow/dags/module19_assignment.py
[2023-06-21 19:53:20,118] {logging_mixin.py:104} INFO - [2023-06-21 19:53:20,117] {dag.py:1833} INFO - Sync 1 DAGs
[2023-06-21 19:53:20,272] {logging_mixin.py:104} INFO - [2023-06-21 19:53:20,271] {dag.py:2306} INFO - Setting next_dagrun for python_square_operator to 2023-06-21 12:00:00+00:00
[2023-06-21 19:53:20,327] {scheduler_job.py:190} INFO - Processing /opt/airflow/dags/module19_assignment.py took 0.533 seconds
[2023-06-21 19:53:51,147] {scheduler_job.py:182} INFO - Started process (PID=218) to work on /opt/airflow/dags/module19_assignment.py
[2023-06-21 19:53:51,163] {scheduler_job.py:633} INFO - Processing file /opt/airflow/dags/module19_assignment.py for tasks to queue
[2023-06-21 19:53:51,170] {logging_mixin.py:104} INFO - [2023-06-21 19:53:51,169] {dagbag.py:496} INFO - Filling up the DagBag from /opt/airflow/dags/module19_assignment.py
[2023-06-21 19:53:51,315] {scheduler_job.py:643} INFO - DAG(s) dict_keys(['python_square_operator']) retrieved from /opt/airflow/dags/module19_assignment.py
[2023-06-21 19:53:51,430] {logging_mixin.py:104} INFO - [2023-06-21 19:53:51,428] {dag.py:1833} INFO - Sync 1 DAGs
[2023-06-21 19:53:51,653] {logging_mixin.py:104} INFO - [2023-06-21 19:53:51,652] {dag.py:2306} INFO - Setting next_dagrun for python_square_operator to 2023-06-21 12:00:00+00:00
[2023-06-21 19:53:51,739] {scheduler_job.py:190} INFO - Processing /opt/airflow/dags/module19_assignment.py took 0.629 seconds
[2023-06-21 19:54:22,111] {scheduler_job.py:182} INFO - Started process (PID=247) to work on /opt/airflow/dags/module19_assignment.py
[2023-06-21 19:54:22,147] {scheduler_job.py:633} INFO - Processing file /opt/airflow/dags/module19_assignment.py for tasks to queue
[2023-06-21 19:54:22,161] {logging_mixin.py:104} INFO - [2023-06-21 19:54:22,160] {dagbag.py:496} INFO - Filling up the DagBag from /opt/airflow/dags/module19_assignment.py
[2023-06-21 19:54:22,434] {scheduler_job.py:643} INFO - DAG(s) dict_keys(['python_square_operator']) retrieved from /opt/airflow/dags/module19_assignment.py
[2023-06-21 19:54:22,795] {logging_mixin.py:104} INFO - [2023-06-21 19:54:22,795] {dag.py:1833} INFO - Sync 1 DAGs
[2023-06-21 19:54:23,294] {logging_mixin.py:104} INFO - [2023-06-21 19:54:23,293] {dag.py:2306} INFO - Setting next_dagrun for python_square_operator to 2023-06-21 12:00:00+00:00
[2023-06-21 19:54:23,460] {scheduler_job.py:190} INFO - Processing /opt/airflow/dags/module19_assignment.py took 1.374 seconds
