[2023-06-24 00:14:20,380] {taskinstance.py:896} INFO - Dependencies all met for <TaskInstance: assignment.task_four 2023-06-23T00:00:00+00:00 [queued]>
[2023-06-24 00:14:20,416] {taskinstance.py:896} INFO - Dependencies all met for <TaskInstance: assignment.task_four 2023-06-23T00:00:00+00:00 [queued]>
[2023-06-24 00:14:20,418] {taskinstance.py:1087} INFO - 
--------------------------------------------------------------------------------
[2023-06-24 00:14:20,419] {taskinstance.py:1088} INFO - Starting attempt 1 of 1
[2023-06-24 00:14:20,420] {taskinstance.py:1089} INFO - 
--------------------------------------------------------------------------------
[2023-06-24 00:14:20,453] {taskinstance.py:1107} INFO - Executing <Task(PythonOperator): task_four> on 2023-06-23T00:00:00+00:00
[2023-06-24 00:14:20,460] {standard_task_runner.py:52} INFO - Started process 16472 to run task
[2023-06-24 00:14:20,470] {standard_task_runner.py:76} INFO - Running: ['***', 'tasks', 'run', 'assignment', 'task_four', '2023-06-23T00:00:00+00:00', '--job-id', '39', '--pool', 'default_pool', '--raw', '--subdir', 'DAGS_FOLDER/assignment.py', '--cfg-path', '/tmp/tmpad7agn4r', '--error-file', '/tmp/tmpqe8a3uyz']
[2023-06-24 00:14:20,472] {standard_task_runner.py:77} INFO - Job 39: Subtask task_four
[2023-06-24 00:14:20,583] {logging_mixin.py:104} INFO - Running <TaskInstance: assignment.task_four 2023-06-23T00:00:00+00:00 [running]> on host 7f7a4865b07a
[2023-06-24 00:14:20,704] {taskinstance.py:1302} INFO - Exporting the following env vars:
AIRFLOW_CTX_DAG_OWNER=***
AIRFLOW_CTX_DAG_ID=assignment
AIRFLOW_CTX_TASK_ID=task_four
AIRFLOW_CTX_EXECUTION_DATE=2023-06-23T00:00:00+00:00
AIRFLOW_CTX_DAG_RUN_ID=scheduled__2023-06-23T00:00:00+00:00
[2023-06-24 00:14:20,870] {python.py:151} INFO - Done. Returned value was: None
[2023-06-24 00:14:20,901] {taskinstance.py:1211} INFO - Marking task as SUCCESS. dag_id=assignment, task_id=task_four, execution_date=20230623T000000, start_date=20230624T001420, end_date=20230624T001420
[2023-06-24 00:14:20,979] {taskinstance.py:1265} INFO - 1 downstream tasks scheduled from follow-on schedule check
[2023-06-24 00:14:21,020] {local_task_job.py:151} INFO - Task exited with return code 0
