[2023-06-24 00:12:06,119] {taskinstance.py:896} INFO - Dependencies all met for <TaskInstance: assignment.task_two 2023-06-23T00:00:00+00:00 [queued]>
[2023-06-24 00:12:06,158] {taskinstance.py:896} INFO - Dependencies all met for <TaskInstance: assignment.task_two 2023-06-23T00:00:00+00:00 [queued]>
[2023-06-24 00:12:06,161] {taskinstance.py:1087} INFO - 
--------------------------------------------------------------------------------
[2023-06-24 00:12:06,162] {taskinstance.py:1088} INFO - Starting attempt 1 of 1
[2023-06-24 00:12:06,163] {taskinstance.py:1089} INFO - 
--------------------------------------------------------------------------------
[2023-06-24 00:12:06,200] {taskinstance.py:1107} INFO - Executing <Task(PythonOperator): task_two> on 2023-06-23T00:00:00+00:00
[2023-06-24 00:12:06,210] {standard_task_runner.py:52} INFO - Started process 16291 to run task
[2023-06-24 00:12:06,223] {standard_task_runner.py:76} INFO - Running: ['***', 'tasks', 'run', 'assignment', 'task_two', '2023-06-23T00:00:00+00:00', '--job-id', '37', '--pool', 'default_pool', '--raw', '--subdir', 'DAGS_FOLDER/assignment.py', '--cfg-path', '/tmp/tmpgi0jtgs_', '--error-file', '/tmp/tmpb8crsafr']
[2023-06-24 00:12:06,225] {standard_task_runner.py:77} INFO - Job 37: Subtask task_two
[2023-06-24 00:12:06,356] {logging_mixin.py:104} INFO - Running <TaskInstance: assignment.task_two 2023-06-23T00:00:00+00:00 [running]> on host 7f7a4865b07a
[2023-06-24 00:12:06,497] {taskinstance.py:1302} INFO - Exporting the following env vars:
AIRFLOW_CTX_DAG_OWNER=***
AIRFLOW_CTX_DAG_ID=assignment
AIRFLOW_CTX_TASK_ID=task_two
AIRFLOW_CTX_EXECUTION_DATE=2023-06-23T00:00:00+00:00
AIRFLOW_CTX_DAG_RUN_ID=scheduled__2023-06-23T00:00:00+00:00
[2023-06-24 00:12:06,545] {python.py:151} INFO - Done. Returned value was: None
[2023-06-24 00:12:06,576] {taskinstance.py:1211} INFO - Marking task as SUCCESS. dag_id=assignment, task_id=task_two, execution_date=20230623T000000, start_date=20230624T001206, end_date=20230624T001206
[2023-06-24 00:12:06,647] {taskinstance.py:1265} INFO - 1 downstream tasks scheduled from follow-on schedule check
[2023-06-24 00:12:06,696] {local_task_job.py:151} INFO - Task exited with return code 0
