[2023-05-24 03:35:22,838] {taskinstance.py:896} INFO - Dependencies all met for <TaskInstance: hello_world.hello_task 2023-05-24T03:35:21.189878+00:00 [queued]>
[2023-05-24 03:35:22,877] {taskinstance.py:896} INFO - Dependencies all met for <TaskInstance: hello_world.hello_task 2023-05-24T03:35:21.189878+00:00 [queued]>
[2023-05-24 03:35:22,878] {taskinstance.py:1087} INFO - 
--------------------------------------------------------------------------------
[2023-05-24 03:35:22,879] {taskinstance.py:1088} INFO - Starting attempt 1 of 1
[2023-05-24 03:35:22,880] {taskinstance.py:1089} INFO - 
--------------------------------------------------------------------------------
[2023-05-24 03:35:22,902] {taskinstance.py:1107} INFO - Executing <Task(PythonOperator): hello_task> on 2023-05-24T03:35:21.189878+00:00
[2023-05-24 03:35:22,907] {standard_task_runner.py:52} INFO - Started process 532 to run task
[2023-05-24 03:35:22,915] {standard_task_runner.py:76} INFO - Running: ['***', 'tasks', 'run', 'hello_world', 'hello_task', '2023-05-24T03:35:21.189878+00:00', '--job-id', '3', '--pool', 'default_pool', '--raw', '--subdir', 'DAGS_FOLDER/SampleDAG.py', '--cfg-path', '/tmp/tmp0b9zhhzo', '--error-file', '/tmp/tmpmx34w1y8']
[2023-05-24 03:35:22,917] {standard_task_runner.py:77} INFO - Job 3: Subtask hello_task
[2023-05-24 03:35:23,001] {logging_mixin.py:104} INFO - Running <TaskInstance: hello_world.hello_task 2023-05-24T03:35:21.189878+00:00 [running]> on host 6cb48a35a36c
[2023-05-24 03:35:23,101] {taskinstance.py:1302} INFO - Exporting the following env vars:
AIRFLOW_CTX_DAG_OWNER=***
AIRFLOW_CTX_DAG_ID=hello_world
AIRFLOW_CTX_TASK_ID=hello_task
AIRFLOW_CTX_EXECUTION_DATE=2023-05-24T03:35:21.189878+00:00
AIRFLOW_CTX_DAG_RUN_ID=manual__2023-05-24T03:35:21.189878+00:00
[2023-05-24 03:35:23,104] {python.py:151} INFO - Done. Returned value was: Hello world from first Airflow DAG!
[2023-05-24 03:35:23,152] {taskinstance.py:1211} INFO - Marking task as SUCCESS. dag_id=hello_world, task_id=hello_task, execution_date=20230524T033521, start_date=20230524T033522, end_date=20230524T033523
[2023-05-24 03:35:23,207] {taskinstance.py:1265} INFO - 0 downstream tasks scheduled from follow-on schedule check
[2023-05-24 03:35:23,253] {local_task_job.py:151} INFO - Task exited with return code 0
